[ 2017-11-30T07:35:09+08:00 ] 127.0.0.1 /
NOTIC: [8] Use of undefined constant CHECK_LOGIN - assumed 'CHECK_LOGIN' D:\phpStudy\WWW\SoTp\Application\Home\Conf\login.php 第 9 行.
INFO: [ app_begin ] --START--
INFO: Run Behavior\ReadHtmlCache [ RunTime:0.000466s ]
INFO: [ app_begin ] --END-- [ RunTime:0.000511s ]
NOTIC: [8] Undefined index: HOME_USER D:\phpStudy\WWW\SoTp\Application\Home\Controller\BaseController.class.php 第 11 行.

[ 2017-11-30T07:35:09+08:00 ] 127.0.0.1 /Home/Login/index
NOTIC: [8] Use of undefined constant CHECK_LOGIN - assumed 'CHECK_LOGIN' D:\phpStudy\WWW\SoTp\Application\Home\Conf\login.php 第 9 行.
INFO: [ app_begin ] --START--
INFO: Run Behavior\ReadHtmlCache [ RunTime:0.000369s ]
INFO: [ app_begin ] --END-- [ RunTime:0.000409s ]
NOTIC: [8] Undefined index: HOME_USER D:\phpStudy\WWW\SoTp\Application\Home\Controller\BaseController.class.php 第 11 行.
NOTIC: [8] Undefined index: HOME_USER D:\phpStudy\WWW\SoTp\Application\Home\Controller\BaseController.class.php 第 14 行.
INFO: [ view_parse ] --START--
INFO: [ template_filter ] --START--
INFO: Run Behavior\ContentReplace [ RunTime:0.000043s ]
INFO: [ template_filter ] --END-- [ RunTime:0.000080s ]
INFO: Run Behavior\ParseTemplate [ RunTime:0.004989s ]
INFO: [ view_parse ] --END-- [ RunTime:0.005026s ]
INFO: [ view_filter ] --START--
INFO: Run Behavior\WriteHtmlCache [ RunTime:0.000239s ]
INFO: [ view_filter ] --END-- [ RunTime:0.000268s ]
INFO: [ app_end ] --START--
INFO: Run Behavior\ShowPageTrace [ RunTime:0.000486s ]
INFO: [ app_end ] --END-- [ RunTime:0.000518s ]

[ 2017-11-30T07:35:09+08:00 ] 127.0.0.1 /Home/Login/verify_c
NOTIC: [8] Use of undefined constant CHECK_LOGIN - assumed 'CHECK_LOGIN' D:\phpStudy\WWW\SoTp\Application\Home\Conf\login.php 第 9 行.
INFO: [ app_begin ] --START--
INFO: Run Behavior\ReadHtmlCache [ RunTime:0.000490s ]
INFO: [ app_begin ] --END-- [ RunTime:0.000535s ]
NOTIC: [8] Undefined index: HOME_USER D:\phpStudy\WWW\SoTp\Application\Home\Controller\BaseController.class.php 第 11 行.
NOTIC: [8] Undefined index: HOME_USER D:\phpStudy\WWW\SoTp\Application\Home\Controller\BaseController.class.php 第 14 行.
INFO: [ app_end ] --START--
INFO: Run Behavior\ShowPageTrace [ RunTime:0.000611s ]
INFO: [ app_end ] --END-- [ RunTime:0.000658s ]

[ 2017-11-30T07:35:19+08:00 ] 127.0.0.1 /Home/Login/login
NOTIC: [8] Use of undefined constant CHECK_LOGIN - assumed 'CHECK_LOGIN' D:\phpStudy\WWW\SoTp\Application\Home\Conf\login.php 第 9 行.
INFO: [ app_begin ] --START--
INFO: Run Behavior\ReadHtmlCache [ RunTime:0.000405s ]
INFO: [ app_begin ] --END-- [ RunTime:0.000444s ]
NOTIC: [8] Undefined index: HOME_USER D:\phpStudy\WWW\SoTp\Application\Home\Controller\BaseController.class.php 第 11 行.
NOTIC: [8] Undefined index: HOME_USER D:\phpStudy\WWW\SoTp\Application\Home\Controller\BaseController.class.php 第 14 行.
NOTIC: [2] mysql_connect(): Access denied for user 'root'@'localhost' (using password: NO) D:\phpStudy\WWW\SoTp\ThinkPHP\Library\Think\Db\Driver\Mysql.class.php 第 52 行.
ERR: Access denied for user 'root'@'localhost' (using password: NO)

[ 2017-11-30T07:35:20+08:00 ] 127.0.0.1 /Home/Login/login
NOTIC: [8] Use of undefined constant CHECK_LOGIN - assumed 'CHECK_LOGIN' D:\phpStudy\WWW\SoTp\Application\Home\Conf\login.php 第 9 行.
INFO: [ app_begin ] --START--
INFO: Run Behavior\ReadHtmlCache [ RunTime:0.000411s ]
INFO: [ app_begin ] --END-- [ RunTime:0.000449s ]
NOTIC: [8] Undefined index: HOME_USER D:\phpStudy\WWW\SoTp\Application\Home\Controller\BaseController.class.php 第 11 行.
NOTIC: [8] Undefined index: HOME_USER D:\phpStudy\WWW\SoTp\Application\Home\Controller\BaseController.class.php 第 14 行.

[ 2017-11-30T07:37:33+08:00 ] 127.0.0.1 /Home/Login/verify_c?0.456718317179718
NOTIC: [8] Use of undefined constant CHECK_LOGIN - assumed 'CHECK_LOGIN' D:\phpStudy\WWW\SoTp\Application\Home\Conf\login.php 第 9 行.
INFO: [ app_begin ] --START--
INFO: Run Behavior\ReadHtmlCache [ RunTime:0.000649s ]
INFO: [ app_begin ] --END-- [ RunTime:0.000705s ]
NOTIC: [8] Undefined index: HOME_USER D:\phpStudy\WWW\SoTp\Application\Home\Controller\BaseController.class.php 第 11 行.
NOTIC: [8] Undefined index: HOME_USER D:\phpStudy\WWW\SoTp\Application\Home\Controller\BaseController.class.php 第 14 行.
INFO: [ app_end ] --START--
INFO: Run Behavior\ShowPageTrace [ RunTime:0.000638s ]
INFO: [ app_end ] --END-- [ RunTime:0.000749s ]

[ 2017-11-30T07:37:40+08:00 ] 127.0.0.1 /Home/Login/login
NOTIC: [8] Use of undefined constant CHECK_LOGIN - assumed 'CHECK_LOGIN' D:\phpStudy\WWW\SoTp\Application\Home\Conf\login.php 第 9 行.
INFO: [ app_begin ] --START--
INFO: Run Behavior\ReadHtmlCache [ RunTime:0.000358s ]
INFO: [ app_begin ] --END-- [ RunTime:0.000425s ]
NOTIC: [8] Undefined index: HOME_USER D:\phpStudy\WWW\SoTp\Application\Home\Controller\BaseController.class.php 第 11 行.
NOTIC: [8] Undefined index: HOME_USER D:\phpStudy\WWW\SoTp\Application\Home\Controller\BaseController.class.php 第 14 行.
SQL: SHOW COLUMNS FROM `s_login` [ RunTime:0.025186s ]
SQL: SHOW COLUMNS FROM `s_user` [ RunTime:0.006691s ]
SQL: SELECT * FROM `s_user` WHERE ( phone=18311161659 )  [ RunTime:0.000365s ]

[ 2017-11-30T07:38:07+08:00 ] 127.0.0.1 /Home/Login/verify_c?0.3682972804510565
NOTIC: [8] Use of undefined constant CHECK_LOGIN - assumed 'CHECK_LOGIN' D:\phpStudy\WWW\SoTp\Application\Home\Conf\login.php 第 9 行.
INFO: [ app_begin ] --START--
INFO: Run Behavior\ReadHtmlCache [ RunTime:0.000422s ]
INFO: [ app_begin ] --END-- [ RunTime:0.000478s ]
NOTIC: [8] Undefined index: HOME_USER D:\phpStudy\WWW\SoTp\Application\Home\Controller\BaseController.class.php 第 11 行.
NOTIC: [8] Undefined index: HOME_USER D:\phpStudy\WWW\SoTp\Application\Home\Controller\BaseController.class.php 第 14 行.
INFO: [ app_end ] --START--
INFO: Run Behavior\ShowPageTrace [ RunTime:0.000384s ]
INFO: [ app_end ] --END-- [ RunTime:0.000424s ]

[ 2017-11-30T07:38:14+08:00 ] 127.0.0.1 /Home/Login/login
NOTIC: [8] Use of undefined constant CHECK_LOGIN - assumed 'CHECK_LOGIN' D:\phpStudy\WWW\SoTp\Application\Home\Conf\login.php 第 9 行.
INFO: [ app_begin ] --START--
INFO: Run Behavior\ReadHtmlCache [ RunTime:0.000417s ]
INFO: [ app_begin ] --END-- [ RunTime:0.000455s ]
NOTIC: [8] Undefined index: HOME_USER D:\phpStudy\WWW\SoTp\Application\Home\Controller\BaseController.class.php 第 11 行.
NOTIC: [8] Undefined index: HOME_USER D:\phpStudy\WWW\SoTp\Application\Home\Controller\BaseController.class.php 第 14 行.

[ 2017-11-30T07:38:19+08:00 ] 127.0.0.1 /Home/Login/verify_c?0.23000499070106328
NOTIC: [8] Use of undefined constant CHECK_LOGIN - assumed 'CHECK_LOGIN' D:\phpStudy\WWW\SoTp\Application\Home\Conf\login.php 第 9 行.
INFO: [ app_begin ] --START--
INFO: Run Behavior\ReadHtmlCache [ RunTime:0.000390s ]
INFO: [ app_begin ] --END-- [ RunTime:0.000434s ]
NOTIC: [8] Undefined index: HOME_USER D:\phpStudy\WWW\SoTp\Application\Home\Controller\BaseController.class.php 第 11 行.
NOTIC: [8] Undefined index: HOME_USER D:\phpStudy\WWW\SoTp\Application\Home\Controller\BaseController.class.php 第 14 行.
INFO: [ app_end ] --START--
INFO: Run Behavior\ShowPageTrace [ RunTime:0.000388s ]
INFO: [ app_end ] --END-- [ RunTime:0.000428s ]

[ 2017-11-30T07:38:24+08:00 ] 127.0.0.1 /Home/Login/login
NOTIC: [8] Use of undefined constant CHECK_LOGIN - assumed 'CHECK_LOGIN' D:\phpStudy\WWW\SoTp\Application\Home\Conf\login.php 第 9 行.
INFO: [ app_begin ] --START--
INFO: Run Behavior\ReadHtmlCache [ RunTime:0.000457s ]
INFO: [ app_begin ] --END-- [ RunTime:0.000496s ]
NOTIC: [8] Undefined index: HOME_USER D:\phpStudy\WWW\SoTp\Application\Home\Controller\BaseController.class.php 第 11 行.
NOTIC: [8] Undefined index: HOME_USER D:\phpStudy\WWW\SoTp\Application\Home\Controller\BaseController.class.php 第 14 行.
SQL: SHOW COLUMNS FROM `s_login` [ RunTime:0.006884s ]
SQL: SHOW COLUMNS FROM `s_user` [ RunTime:0.007258s ]
SQL: SELECT * FROM `s_user` WHERE ( phone=18311161659 )  [ RunTime:0.000366s ]
SQL: SHOW COLUMNS FROM `s_login` [ RunTime:0.006484s ]
SQL: INSERT INTO `s_login` (`loginIp`,`loginTime`,`userId`) VALUES ('127.0.0.1',1511998704,1) [ RunTime:0.063689s ]

[ 2017-11-30T07:38:25+08:00 ] 127.0.0.1 /Home/Index/index
NOTIC: [8] Use of undefined constant CHECK_LOGIN - assumed 'CHECK_LOGIN' D:\phpStudy\WWW\SoTp\Application\Home\Conf\login.php 第 9 行.
INFO: [ app_begin ] --START--
INFO: Run Behavior\ReadHtmlCache [ RunTime:0.000359s ]
INFO: [ app_begin ] --END-- [ RunTime:0.000399s ]
INFO: [ view_parse ] --START--
INFO: [ template_filter ] --START--
INFO: Run Behavior\ContentReplace [ RunTime:0.000071s ]
INFO: [ template_filter ] --END-- [ RunTime:0.000111s ]
INFO: Run Behavior\ParseTemplate [ RunTime:0.007672s ]
INFO: [ view_parse ] --END-- [ RunTime:0.007715s ]
INFO: [ view_filter ] --START--
INFO: Run Behavior\WriteHtmlCache [ RunTime:0.000265s ]
INFO: [ view_filter ] --END-- [ RunTime:0.000318s ]
INFO: [ app_end ] --START--
INFO: Run Behavior\ShowPageTrace [ RunTime:0.000857s ]
INFO: [ app_end ] --END-- [ RunTime:0.000981s ]

[ 2017-11-30T07:38:25+08:00 ] 127.0.0.1 /Home/Index/welcome.html
NOTIC: [8] Use of undefined constant CHECK_LOGIN - assumed 'CHECK_LOGIN' D:\phpStudy\WWW\SoTp\Application\Home\Conf\login.php 第 9 行.
INFO: [ app_begin ] --START--
INFO: Run Behavior\ReadHtmlCache [ RunTime:0.000639s ]
INFO: [ app_begin ] --END-- [ RunTime:0.000689s ]
SQL: SHOW COLUMNS FROM `s_index` [ RunTime:0.006950s ]
ERR: 1146:Table 'soso.s_index' doesn't exist
 [ SQL语句 ] : SHOW COLUMNS FROM `s_index`
SQL: SHOW COLUMNS FROM `s_login` [ RunTime:0.014274s ]
SQL: SELECT COUNT(*) AS tp_count FROM `s_login` WHERE ( userId=1 ) LIMIT 1   [ RunTime:0.000623s ]
INFO: [ view_parse ] --START--
INFO: [ template_filter ] --START--
INFO: Run Behavior\ContentReplace [ RunTime:0.000076s ]
INFO: [ template_filter ] --END-- [ RunTime:0.000202s ]
INFO: Run Behavior\ParseTemplate [ RunTime:0.009788s ]
INFO: [ view_parse ] --END-- [ RunTime:0.009864s ]
INFO: [ view_filter ] --START--
INFO: Run Behavior\WriteHtmlCache [ RunTime:0.000419s ]
INFO: [ view_filter ] --END-- [ RunTime:0.000489s ]
INFO: [ app_end ] --START--
INFO: Run Behavior\ShowPageTrace [ RunTime:0.000454s ]
INFO: [ app_end ] --END-- [ RunTime:0.000485s ]

[ 2017-11-30T07:38:29+08:00 ] 127.0.0.1 /Home/Company/index
NOTIC: [8] Use of undefined constant CHECK_LOGIN - assumed 'CHECK_LOGIN' D:\phpStudy\WWW\SoTp\Application\Home\Conf\login.php 第 9 行.
INFO: [ app_begin ] --START--
INFO: Run Behavior\ReadHtmlCache [ RunTime:0.001305s ]
INFO: [ app_begin ] --END-- [ RunTime:0.001405s ]
SQL: SHOW COLUMNS FROM `s_company` [ RunTime:0.010686s ]
SQL: SHOW COLUMNS FROM `s_company` [ RunTime:0.007849s ]
SQL: SELECT * FROM `s_company`  [ RunTime:0.000555s ]
INFO: [ view_parse ] --START--
INFO: [ template_filter ] --START--
INFO: Run Behavior\ContentReplace [ RunTime:0.000061s ]
INFO: [ template_filter ] --END-- [ RunTime:0.000102s ]
INFO: Run Behavior\ParseTemplate [ RunTime:0.095041s ]
INFO: [ view_parse ] --END-- [ RunTime:0.095114s ]
INFO: [ view_filter ] --START--
INFO: Run Behavior\WriteHtmlCache [ RunTime:0.000230s ]
INFO: [ view_filter ] --END-- [ RunTime:0.000272s ]
INFO: [ app_end ] --START--
INFO: Run Behavior\ShowPageTrace [ RunTime:0.000721s ]
INFO: [ app_end ] --END-- [ RunTime:0.000838s ]

[ 2017-11-30T07:38:30+08:00 ] 127.0.0.1 /Home/Department/index
NOTIC: [8] Use of undefined constant CHECK_LOGIN - assumed 'CHECK_LOGIN' D:\phpStudy\WWW\SoTp\Application\Home\Conf\login.php 第 9 行.
INFO: [ app_begin ] --START--
INFO: Run Behavior\ReadHtmlCache [ RunTime:0.000464s ]
INFO: [ app_begin ] --END-- [ RunTime:0.000507s ]
ERR: 无法加载控制器:Department

[ 2017-11-30T07:38:31+08:00 ] 127.0.0.1 /Home/Employee/index
NOTIC: [8] Use of undefined constant CHECK_LOGIN - assumed 'CHECK_LOGIN' D:\phpStudy\WWW\SoTp\Application\Home\Conf\login.php 第 9 行.
INFO: [ app_begin ] --START--
INFO: Run Behavior\ReadHtmlCache [ RunTime:0.000371s ]
INFO: [ app_begin ] --END-- [ RunTime:0.000412s ]
ERR: 无法加载控制器:Employee

[ 2017-11-30T07:38:32+08:00 ] 127.0.0.1 /Home/Department/index
NOTIC: [8] Use of undefined constant CHECK_LOGIN - assumed 'CHECK_LOGIN' D:\phpStudy\WWW\SoTp\Application\Home\Conf\login.php 第 9 行.
INFO: [ app_begin ] --START--
INFO: Run Behavior\ReadHtmlCache [ RunTime:0.000396s ]
INFO: [ app_begin ] --END-- [ RunTime:0.000436s ]
ERR: 无法加载控制器:Department

[ 2017-11-30T07:38:33+08:00 ] 127.0.0.1 /Home/Company/index
NOTIC: [8] Use of undefined constant CHECK_LOGIN - assumed 'CHECK_LOGIN' D:\phpStudy\WWW\SoTp\Application\Home\Conf\login.php 第 9 行.
INFO: [ app_begin ] --START--
INFO: Run Behavior\ReadHtmlCache [ RunTime:0.000359s ]
INFO: [ app_begin ] --END-- [ RunTime:0.000400s ]
SQL: SHOW COLUMNS FROM `s_company` [ RunTime:0.007368s ]
SQL: SHOW COLUMNS FROM `s_company` [ RunTime:0.006228s ]
SQL: SELECT * FROM `s_company`  [ RunTime:0.000338s ]
INFO: [ view_parse ] --START--
INFO: [ template_filter ] --START--
INFO: Run Behavior\ContentReplace [ RunTime:0.000061s ]
INFO: [ template_filter ] --END-- [ RunTime:0.000102s ]
INFO: Run Behavior\ParseTemplate [ RunTime:0.007289s ]
INFO: [ view_parse ] --END-- [ RunTime:0.007339s ]
INFO: [ view_filter ] --START--
INFO: Run Behavior\WriteHtmlCache [ RunTime:0.000234s ]
INFO: [ view_filter ] --END-- [ RunTime:0.000265s ]
INFO: [ app_end ] --START--
INFO: Run Behavior\ShowPageTrace [ RunTime:0.000463s ]
INFO: [ app_end ] --END-- [ RunTime:0.000502s ]

[ 2017-11-30T07:38:36+08:00 ] 127.0.0.1 /Home/company/department?id=11&name=%E5%8C%97%E4%BA%ACSo%E7%AE%80%E5%8E%86%E7%A7%91%E6%8A%80%E6%9C%89%E9%99%90%E5%85%AC%E5%8F%B8
NOTIC: [8] Use of undefined constant CHECK_LOGIN - assumed 'CHECK_LOGIN' D:\phpStudy\WWW\SoTp\Application\Home\Conf\login.php 第 9 行.
INFO: [ app_begin ] --START--
INFO: Run Behavior\ReadHtmlCache [ RunTime:0.000363s ]
INFO: [ app_begin ] --END-- [ RunTime:0.000404s ]
SQL: SHOW COLUMNS FROM `s_companydepartment` [ RunTime:0.008032s ]
ERR: 1146:Table 'soso.s_companydepartment' doesn't exist
 [ SQL语句 ] : SHOW COLUMNS FROM `s_companydepartment`
ERR: Think\Model:listData方法不存在！

[ 2017-11-30T07:45:46+08:00 ] 127.0.0.1 /
NOTIC: [8] Use of undefined constant CHECK_LOGIN - assumed 'CHECK_LOGIN' D:\phpStudy\WWW\SoTp\Application\Home\Conf\login.php 第 9 行.
INFO: [ app_begin ] --START--
INFO: Run Behavior\ReadHtmlCache [ RunTime:0.000622s ]
INFO: [ app_begin ] --END-- [ RunTime:0.000667s ]
INFO: [ view_parse ] --START--
INFO: [ template_filter ] --START--
INFO: Run Behavior\ContentReplace [ RunTime:0.000078s ]
INFO: [ template_filter ] --END-- [ RunTime:0.000112s ]
INFO: Run Behavior\ParseTemplate [ RunTime:0.007554s ]
INFO: [ view_parse ] --END-- [ RunTime:0.007618s ]
INFO: [ view_filter ] --START--
INFO: Run Behavior\WriteHtmlCache [ RunTime:0.000418s ]
INFO: [ view_filter ] --END-- [ RunTime:0.000440s ]
INFO: [ app_end ] --START--
INFO: Run Behavior\ShowPageTrace [ RunTime:0.000782s ]
INFO: [ app_end ] --END-- [ RunTime:0.000838s ]

[ 2017-11-30T07:46:13+08:00 ] 127.0.0.1 /
NOTIC: [8] Use of undefined constant CHECK_LOGIN - assumed 'CHECK_LOGIN' D:\phpStudy\WWW\SoTp\Application\Home\Conf\login.php 第 9 行.
INFO: [ app_begin ] --START--
INFO: Run Behavior\ReadHtmlCache [ RunTime:0.000641s ]
INFO: [ app_begin ] --END-- [ RunTime:0.000680s ]
INFO: [ view_parse ] --START--
INFO: [ template_filter ] --START--
INFO: Run Behavior\ContentReplace [ RunTime:0.000073s ]
INFO: [ template_filter ] --END-- [ RunTime:0.000099s ]
INFO: Run Behavior\ParseTemplate [ RunTime:0.005766s ]
INFO: [ view_parse ] --END-- [ RunTime:0.005815s ]
INFO: [ view_filter ] --START--
INFO: Run Behavior\WriteHtmlCache [ RunTime:0.000386s ]
INFO: [ view_filter ] --END-- [ RunTime:0.000407s ]
INFO: [ app_end ] --START--
INFO: Run Behavior\ShowPageTrace [ RunTime:0.001021s ]
INFO: [ app_end ] --END-- [ RunTime:0.001049s ]

[ 2017-11-30T07:46:31+08:00 ] 127.0.0.1 /
NOTIC: [8] Use of undefined constant CHECK_LOGIN - assumed 'CHECK_LOGIN' D:\phpStudy\WWW\SoTp\Application\Home\Conf\login.php 第 9 行.
INFO: [ app_begin ] --START--
INFO: Run Behavior\ReadHtmlCache [ RunTime:0.000657s ]
INFO: [ app_begin ] --END-- [ RunTime:0.000716s ]
INFO: [ view_parse ] --START--
INFO: [ template_filter ] --START--
INFO: Run Behavior\ContentReplace [ RunTime:0.000090s ]
INFO: [ template_filter ] --END-- [ RunTime:0.000138s ]
INFO: Run Behavior\ParseTemplate [ RunTime:0.008791s ]
INFO: [ view_parse ] --END-- [ RunTime:0.008880s ]
INFO: [ view_filter ] --START--
INFO: Run Behavior\WriteHtmlCache [ RunTime:0.000361s ]
INFO: [ view_filter ] --END-- [ RunTime:0.000399s ]
INFO: [ app_end ] --START--
INFO: Run Behavior\ShowPageTrace [ RunTime:0.000913s ]
INFO: [ app_end ] --END-- [ RunTime:0.000987s ]

[ 2017-11-30T07:46:34+08:00 ] 127.0.0.1 /Home/Company/index
NOTIC: [8] Use of undefined constant CHECK_LOGIN - assumed 'CHECK_LOGIN' D:\phpStudy\WWW\SoTp\Application\Home\Conf\login.php 第 9 行.
INFO: [ app_begin ] --START--
INFO: Run Behavior\ReadHtmlCache [ RunTime:0.000569s ]
INFO: [ app_begin ] --END-- [ RunTime:0.000620s ]
SQL: SHOW COLUMNS FROM `s_company` [ RunTime:0.015156s ]
SQL: SHOW COLUMNS FROM `s_company` [ RunTime:0.006471s ]
SQL: SELECT * FROM `s_company`  [ RunTime:0.000364s ]
INFO: [ view_parse ] --START--
INFO: [ template_filter ] --START--
INFO: Run Behavior\ContentReplace [ RunTime:0.000063s ]
INFO: [ template_filter ] --END-- [ RunTime:0.000099s ]
INFO: Run Behavior\ParseTemplate [ RunTime:0.006791s ]
INFO: [ view_parse ] --END-- [ RunTime:0.006833s ]
INFO: [ view_filter ] --START--
INFO: Run Behavior\WriteHtmlCache [ RunTime:0.000168s ]
INFO: [ view_filter ] --END-- [ RunTime:0.000197s ]
INFO: [ app_end ] --START--
INFO: Run Behavior\ShowPageTrace [ RunTime:0.000395s ]
INFO: [ app_end ] --END-- [ RunTime:0.000434s ]

[ 2017-11-30T07:46:35+08:00 ] 127.0.0.1 /Home/Department/index
NOTIC: [8] Use of undefined constant CHECK_LOGIN - assumed 'CHECK_LOGIN' D:\phpStudy\WWW\SoTp\Application\Home\Conf\login.php 第 9 行.
INFO: [ app_begin ] --START--
INFO: Run Behavior\ReadHtmlCache [ RunTime:0.001393s ]
INFO: [ app_begin ] --END-- [ RunTime:0.001625s ]
ERR: 无法加载控制器:Department

[ 2017-11-30T07:46:36+08:00 ] 127.0.0.1 /Home/Employee/index
NOTIC: [8] Use of undefined constant CHECK_LOGIN - assumed 'CHECK_LOGIN' D:\phpStudy\WWW\SoTp\Application\Home\Conf\login.php 第 9 行.
INFO: [ app_begin ] --START--
INFO: Run Behavior\ReadHtmlCache [ RunTime:0.000423s ]
INFO: [ app_begin ] --END-- [ RunTime:0.000485s ]
ERR: 无法加载控制器:Employee

[ 2017-11-30T07:46:37+08:00 ] 127.0.0.1 /Home/Company/index
NOTIC: [8] Use of undefined constant CHECK_LOGIN - assumed 'CHECK_LOGIN' D:\phpStudy\WWW\SoTp\Application\Home\Conf\login.php 第 9 行.
INFO: [ app_begin ] --START--
INFO: Run Behavior\ReadHtmlCache [ RunTime:0.000365s ]
INFO: [ app_begin ] --END-- [ RunTime:0.000417s ]
SQL: SHOW COLUMNS FROM `s_company` [ RunTime:0.007257s ]
SQL: SHOW COLUMNS FROM `s_company` [ RunTime:0.007409s ]
SQL: SELECT * FROM `s_company`  [ RunTime:0.000403s ]
INFO: [ view_parse ] --START--
INFO: [ template_filter ] --START--
INFO: Run Behavior\ContentReplace [ RunTime:0.000061s ]
INFO: [ template_filter ] --END-- [ RunTime:0.000098s ]
INFO: Run Behavior\ParseTemplate [ RunTime:0.007380s ]
INFO: [ view_parse ] --END-- [ RunTime:0.007422s ]
INFO: [ view_filter ] --START--
INFO: Run Behavior\WriteHtmlCache [ RunTime:0.000241s ]
INFO: [ view_filter ] --END-- [ RunTime:0.000270s ]
INFO: [ app_end ] --START--
INFO: Run Behavior\ShowPageTrace [ RunTime:0.000666s ]
INFO: [ app_end ] --END-- [ RunTime:0.000742s ]

[ 2017-11-30T07:47:13+08:00 ] 127.0.0.1 /
NOTIC: [8] Use of undefined constant CHECK_LOGIN - assumed 'CHECK_LOGIN' D:\phpStudy\WWW\SoTp\Application\Home\Conf\login.php 第 9 行.
INFO: [ app_begin ] --START--
INFO: Run Behavior\ReadHtmlCache [ RunTime:0.000511s ]
INFO: [ app_begin ] --END-- [ RunTime:0.000587s ]
INFO: [ view_parse ] --START--
INFO: [ template_filter ] --START--
INFO: Run Behavior\ContentReplace [ RunTime:0.000073s ]
INFO: [ template_filter ] --END-- [ RunTime:0.000116s ]
INFO: Run Behavior\ParseTemplate [ RunTime:0.015816s ]
INFO: [ view_parse ] --END-- [ RunTime:0.015860s ]
INFO: [ view_filter ] --START--
INFO: Run Behavior\WriteHtmlCache [ RunTime:0.000210s ]
INFO: [ view_filter ] --END-- [ RunTime:0.000237s ]
INFO: [ app_end ] --START--
INFO: Run Behavior\ShowPageTrace [ RunTime:0.000580s ]
INFO: [ app_end ] --END-- [ RunTime:0.000625s ]

[ 2017-11-30T07:47:31+08:00 ] 127.0.0.1 /
NOTIC: [8] Use of undefined constant CHECK_LOGIN - assumed 'CHECK_LOGIN' D:\phpStudy\WWW\SoTp\Application\Home\Conf\login.php 第 9 行.
INFO: [ app_begin ] --START--
INFO: Run Behavior\ReadHtmlCache [ RunTime:0.000466s ]
INFO: [ app_begin ] --END-- [ RunTime:0.000513s ]
INFO: [ view_parse ] --START--
INFO: [ template_filter ] --START--
INFO: Run Behavior\ContentReplace [ RunTime:0.000071s ]
INFO: [ template_filter ] --END-- [ RunTime:0.000107s ]
INFO: Run Behavior\ParseTemplate [ RunTime:0.006847s ]
INFO: [ view_parse ] --END-- [ RunTime:0.006886s ]
INFO: [ view_filter ] --START--
INFO: Run Behavior\WriteHtmlCache [ RunTime:0.000241s ]
INFO: [ view_filter ] --END-- [ RunTime:0.000269s ]
INFO: [ app_end ] --START--
INFO: Run Behavior\ShowPageTrace [ RunTime:0.000773s ]
INFO: [ app_end ] --END-- [ RunTime:0.000838s ]

[ 2017-11-30T07:47:34+08:00 ] 127.0.0.1 /Home/Company/index
NOTIC: [8] Use of undefined constant CHECK_LOGIN - assumed 'CHECK_LOGIN' D:\phpStudy\WWW\SoTp\Application\Home\Conf\login.php 第 9 行.
INFO: [ app_begin ] --START--
INFO: Run Behavior\ReadHtmlCache [ RunTime:0.000393s ]
INFO: [ app_begin ] --END-- [ RunTime:0.000437s ]
SQL: SHOW COLUMNS FROM `s_company` [ RunTime:0.010037s ]
SQL: SHOW COLUMNS FROM `s_company` [ RunTime:0.007263s ]
SQL: SELECT * FROM `s_company`  [ RunTime:0.000661s ]
INFO: [ view_parse ] --START--
INFO: [ template_filter ] --START--
INFO: Run Behavior\ContentReplace [ RunTime:0.000060s ]
INFO: [ template_filter ] --END-- [ RunTime:0.000098s ]
INFO: Run Behavior\ParseTemplate [ RunTime:0.006986s ]
INFO: [ view_parse ] --END-- [ RunTime:0.007032s ]
INFO: [ view_filter ] --START--
INFO: Run Behavior\WriteHtmlCache [ RunTime:0.000191s ]
INFO: [ view_filter ] --END-- [ RunTime:0.000222s ]
INFO: [ app_end ] --START--
INFO: Run Behavior\ShowPageTrace [ RunTime:0.000397s ]
INFO: [ app_end ] --END-- [ RunTime:0.000435s ]

