[ 2017-10-11T16:31:12+08:00 ] ::1 /so/Home/Login/index
INFO: [ app_begin ] --START--
INFO: Run Behavior\ReadHtmlCache [ RunTime:0.000000s ]
INFO: [ app_begin ] --END-- [ RunTime:0.025002s ]
NOTIC: [8] Undefined index: HOME_USER E:\wamp\www\so\Application\Home\Controller\BaseController.class.php 第 11 行.
NOTIC: [8] Undefined index: HOME_USER E:\wamp\www\so\Application\Home\Controller\BaseController.class.php 第 14 行.
INFO: [ view_parse ] --START--
INFO: [ template_filter ] --START--
INFO: Run Behavior\ContentReplace [ RunTime:0.001000s ]
INFO: [ template_filter ] --END-- [ RunTime:0.001000s ]
INFO: Run Behavior\ParseTemplate [ RunTime:0.083005s ]
INFO: [ view_parse ] --END-- [ RunTime:0.083005s ]
INFO: [ view_filter ] --START--
INFO: Run Behavior\WriteHtmlCache [ RunTime:0.026001s ]
INFO: [ view_filter ] --END-- [ RunTime:0.026001s ]
INFO: [ app_end ] --START--
INFO: Run Behavior\ShowPageTrace [ RunTime:0.021001s ]
INFO: [ app_end ] --END-- [ RunTime:0.022001s ]

[ 2017-10-11T16:31:16+08:00 ] ::1 /so/Home/Login/verify_c
INFO: [ app_begin ] --START--
INFO: Run Behavior\ReadHtmlCache [ RunTime:0.001000s ]
INFO: [ app_begin ] --END-- [ RunTime:0.002000s ]
NOTIC: [8] Undefined index: HOME_USER E:\wamp\www\so\Application\Home\Controller\BaseController.class.php 第 11 行.
NOTIC: [8] Undefined index: HOME_USER E:\wamp\www\so\Application\Home\Controller\BaseController.class.php 第 14 行.
INFO: [ app_end ] --START--
INFO: Run Behavior\ShowPageTrace [ RunTime:0.001000s ]
INFO: [ app_end ] --END-- [ RunTime:0.001000s ]

[ 2017-10-11T16:32:14+08:00 ] ::1 /so/Home/Login/index
INFO: [ app_begin ] --START--
INFO: Run Behavior\ReadHtmlCache [ RunTime:0.001000s ]
INFO: [ app_begin ] --END-- [ RunTime:0.003000s ]
NOTIC: [8] Undefined index: HOME_USER E:\wamp\www\so\Application\Home\Controller\BaseController.class.php 第 11 行.
NOTIC: [8] Undefined index: HOME_USER E:\wamp\www\so\Application\Home\Controller\BaseController.class.php 第 14 行.
INFO: [ view_parse ] --START--
INFO: [ template_filter ] --START--
INFO: Run Behavior\ContentReplace [ RunTime:0.001000s ]
INFO: [ template_filter ] --END-- [ RunTime:0.001000s ]
INFO: Run Behavior\ParseTemplate [ RunTime:0.015001s ]
INFO: [ view_parse ] --END-- [ RunTime:0.015001s ]
INFO: [ view_filter ] --START--
INFO: Run Behavior\WriteHtmlCache [ RunTime:0.001000s ]
INFO: [ view_filter ] --END-- [ RunTime:0.001000s ]
INFO: [ app_end ] --START--
INFO: Run Behavior\ShowPageTrace [ RunTime:0.001000s ]
INFO: [ app_end ] --END-- [ RunTime:0.002000s ]

[ 2017-10-11T16:32:14+08:00 ] ::1 /so/Home/Login/verify_c
INFO: [ app_begin ] --START--
INFO: Run Behavior\ReadHtmlCache [ RunTime:0.001000s ]
INFO: [ app_begin ] --END-- [ RunTime:0.003000s ]
NOTIC: [8] Undefined index: HOME_USER E:\wamp\www\so\Application\Home\Controller\BaseController.class.php 第 11 行.
NOTIC: [8] Undefined index: HOME_USER E:\wamp\www\so\Application\Home\Controller\BaseController.class.php 第 14 行.
INFO: [ app_end ] --START--
INFO: Run Behavior\ShowPageTrace [ RunTime:0.001000s ]
INFO: [ app_end ] --END-- [ RunTime:0.003000s ]

[ 2017-10-11T16:36:23+08:00 ] ::1 /so/Home/Login/index
INFO: [ app_begin ] --START--
INFO: Run Behavior\ReadHtmlCache [ RunTime:0.002000s ]
INFO: [ app_begin ] --END-- [ RunTime:0.002000s ]
NOTIC: [8] Undefined index: HOME_USER E:\wamp\www\so\Application\Home\Controller\BaseController.class.php 第 11 行.
NOTIC: [8] Undefined index: HOME_USER E:\wamp\www\so\Application\Home\Controller\BaseController.class.php 第 14 行.
INFO: [ view_parse ] --START--
INFO: [ template_filter ] --START--
INFO: Run Behavior\ContentReplace [ RunTime:0.000000s ]
INFO: [ template_filter ] --END-- [ RunTime:0.001000s ]
INFO: Run Behavior\ParseTemplate [ RunTime:0.011000s ]
INFO: [ view_parse ] --END-- [ RunTime:0.011000s ]
INFO: [ view_filter ] --START--
INFO: Run Behavior\WriteHtmlCache [ RunTime:0.001000s ]
INFO: [ view_filter ] --END-- [ RunTime:0.001000s ]
INFO: [ app_end ] --START--
INFO: Run Behavior\ShowPageTrace [ RunTime:0.001000s ]
INFO: [ app_end ] --END-- [ RunTime:0.002000s ]

[ 2017-10-11T16:36:23+08:00 ] ::1 /so/Home/Login/verify_c
INFO: [ app_begin ] --START--
INFO: Run Behavior\ReadHtmlCache [ RunTime:0.001000s ]
INFO: [ app_begin ] --END-- [ RunTime:0.002000s ]
NOTIC: [8] Undefined index: HOME_USER E:\wamp\www\so\Application\Home\Controller\BaseController.class.php 第 11 行.
NOTIC: [8] Undefined index: HOME_USER E:\wamp\www\so\Application\Home\Controller\BaseController.class.php 第 14 行.
INFO: [ app_end ] --START--
INFO: Run Behavior\ShowPageTrace [ RunTime:0.001000s ]
INFO: [ app_end ] --END-- [ RunTime:0.002000s ]

[ 2017-10-11T16:42:36+08:00 ] ::1 /so/Home/Login/index
INFO: [ app_begin ] --START--
INFO: Run Behavior\ReadHtmlCache [ RunTime:0.000000s ]
INFO: [ app_begin ] --END-- [ RunTime:0.002001s ]
NOTIC: [8] Undefined index: HOME_USER E:\wamp\www\so\Application\Home\Controller\BaseController.class.php 第 11 行.
NOTIC: [8] Undefined index: HOME_USER E:\wamp\www\so\Application\Home\Controller\BaseController.class.php 第 14 行.
INFO: [ view_parse ] --START--
INFO: [ template_filter ] --START--
INFO: Run Behavior\ContentReplace [ RunTime:0.000000s ]
INFO: [ template_filter ] --END-- [ RunTime:0.001000s ]
INFO: Run Behavior\ParseTemplate [ RunTime:0.011000s ]
INFO: [ view_parse ] --END-- [ RunTime:0.011000s ]
INFO: [ view_filter ] --START--
INFO: Run Behavior\WriteHtmlCache [ RunTime:0.001000s ]
INFO: [ view_filter ] --END-- [ RunTime:0.001000s ]
INFO: [ app_end ] --START--
INFO: Run Behavior\ShowPageTrace [ RunTime:0.001001s ]
INFO: [ app_end ] --END-- [ RunTime:0.001001s ]

[ 2017-10-11T16:42:36+08:00 ] ::1 /so/Home/Login/verify_c
INFO: [ app_begin ] --START--
INFO: Run Behavior\ReadHtmlCache [ RunTime:0.000000s ]
INFO: [ app_begin ] --END-- [ RunTime:0.002000s ]
NOTIC: [8] Undefined index: HOME_USER E:\wamp\www\so\Application\Home\Controller\BaseController.class.php 第 11 行.
NOTIC: [8] Undefined index: HOME_USER E:\wamp\www\so\Application\Home\Controller\BaseController.class.php 第 14 行.
INFO: [ app_end ] --START--
INFO: Run Behavior\ShowPageTrace [ RunTime:0.000000s ]
INFO: [ app_end ] --END-- [ RunTime:0.001000s ]

[ 2017-10-11T16:43:10+08:00 ] ::1 /so/Home/Login/index
INFO: [ app_begin ] --START--
INFO: Run Behavior\ReadHtmlCache [ RunTime:0.001000s ]
INFO: [ app_begin ] --END-- [ RunTime:0.001000s ]
NOTIC: [8] Undefined index: HOME_USER E:\wamp\www\so\Application\Home\Controller\BaseController.class.php 第 11 行.
NOTIC: [8] Undefined index: HOME_USER E:\wamp\www\so\Application\Home\Controller\BaseController.class.php 第 14 行.
INFO: [ view_parse ] --START--
INFO: [ template_filter ] --START--
INFO: Run Behavior\ContentReplace [ RunTime:0.000000s ]
INFO: [ template_filter ] --END-- [ RunTime:0.001000s ]
INFO: Run Behavior\ParseTemplate [ RunTime:0.012001s ]
INFO: [ view_parse ] --END-- [ RunTime:0.012001s ]
INFO: [ view_filter ] --START--
INFO: Run Behavior\WriteHtmlCache [ RunTime:0.001000s ]
INFO: [ view_filter ] --END-- [ RunTime:0.001000s ]
INFO: [ app_end ] --START--
INFO: Run Behavior\ShowPageTrace [ RunTime:0.001000s ]
INFO: [ app_end ] --END-- [ RunTime:0.001000s ]

[ 2017-10-11T16:43:10+08:00 ] ::1 /so/Home/Login/verify_c
INFO: [ app_begin ] --START--
INFO: Run Behavior\ReadHtmlCache [ RunTime:0.001001s ]
INFO: [ app_begin ] --END-- [ RunTime:0.002001s ]
NOTIC: [8] Undefined index: HOME_USER E:\wamp\www\so\Application\Home\Controller\BaseController.class.php 第 11 行.
NOTIC: [8] Undefined index: HOME_USER E:\wamp\www\so\Application\Home\Controller\BaseController.class.php 第 14 行.
INFO: [ app_end ] --START--
INFO: Run Behavior\ShowPageTrace [ RunTime:0.001000s ]
INFO: [ app_end ] --END-- [ RunTime:0.001000s ]

[ 2017-10-11T16:43:10+08:00 ] ::1 /so/Home/Login/index
INFO: [ app_begin ] --START--
INFO: Run Behavior\ReadHtmlCache [ RunTime:0.001000s ]
INFO: [ app_begin ] --END-- [ RunTime:0.001000s ]
NOTIC: [8] Undefined index: HOME_USER E:\wamp\www\so\Application\Home\Controller\BaseController.class.php 第 11 行.
NOTIC: [8] Undefined index: HOME_USER E:\wamp\www\so\Application\Home\Controller\BaseController.class.php 第 14 行.
INFO: [ view_parse ] --START--
INFO: [ template_filter ] --START--
INFO: Run Behavior\ContentReplace [ RunTime:0.000000s ]
INFO: [ template_filter ] --END-- [ RunTime:0.001000s ]
INFO: Run Behavior\ParseTemplate [ RunTime:0.015001s ]
INFO: [ view_parse ] --END-- [ RunTime:0.016001s ]
INFO: [ view_filter ] --START--
INFO: Run Behavior\WriteHtmlCache [ RunTime:0.002000s ]
INFO: [ view_filter ] --END-- [ RunTime:0.003000s ]
INFO: [ app_end ] --START--
INFO: Run Behavior\ShowPageTrace [ RunTime:0.002000s ]
INFO: [ app_end ] --END-- [ RunTime:0.002000s ]

[ 2017-10-11T16:43:10+08:00 ] ::1 /so/Home/Login/verify_c
INFO: [ app_begin ] --START--
INFO: Run Behavior\ReadHtmlCache [ RunTime:0.002000s ]
INFO: [ app_begin ] --END-- [ RunTime:0.002000s ]
NOTIC: [8] Undefined index: HOME_USER E:\wamp\www\so\Application\Home\Controller\BaseController.class.php 第 11 行.
NOTIC: [8] Undefined index: HOME_USER E:\wamp\www\so\Application\Home\Controller\BaseController.class.php 第 14 行.
INFO: [ app_end ] --START--
INFO: Run Behavior\ShowPageTrace [ RunTime:0.003000s ]
INFO: [ app_end ] --END-- [ RunTime:0.004000s ]

[ 2017-10-11T16:43:10+08:00 ] ::1 /so/Home/Login/index
INFO: [ app_begin ] --START--
INFO: Run Behavior\ReadHtmlCache [ RunTime:0.001000s ]
INFO: [ app_begin ] --END-- [ RunTime:0.010000s ]
NOTIC: [8] Undefined index: HOME_USER E:\wamp\www\so\Application\Home\Controller\BaseController.class.php 第 11 行.
NOTIC: [8] Undefined index: HOME_USER E:\wamp\www\so\Application\Home\Controller\BaseController.class.php 第 14 行.
INFO: [ view_parse ] --START--
INFO: [ template_filter ] --START--
INFO: Run Behavior\ContentReplace [ RunTime:0.000000s ]
INFO: [ template_filter ] --END-- [ RunTime:0.001000s ]
INFO: Run Behavior\ParseTemplate [ RunTime:0.020001s ]
INFO: [ view_parse ] --END-- [ RunTime:0.020001s ]
INFO: [ view_filter ] --START--
INFO: Run Behavior\WriteHtmlCache [ RunTime:0.001000s ]
INFO: [ view_filter ] --END-- [ RunTime:0.002000s ]
INFO: [ app_end ] --START--
INFO: Run Behavior\ShowPageTrace [ RunTime:0.001000s ]
INFO: [ app_end ] --END-- [ RunTime:0.002000s ]

[ 2017-10-11T16:43:10+08:00 ] ::1 /so/Home/Login/verify_c
INFO: [ app_begin ] --START--
INFO: Run Behavior\ReadHtmlCache [ RunTime:0.001000s ]
INFO: [ app_begin ] --END-- [ RunTime:0.002000s ]
NOTIC: [8] Undefined index: HOME_USER E:\wamp\www\so\Application\Home\Controller\BaseController.class.php 第 11 行.
NOTIC: [8] Undefined index: HOME_USER E:\wamp\www\so\Application\Home\Controller\BaseController.class.php 第 14 行.
INFO: [ app_end ] --START--
INFO: Run Behavior\ShowPageTrace [ RunTime:0.001000s ]
INFO: [ app_end ] --END-- [ RunTime:0.003000s ]

[ 2017-10-11T16:43:10+08:00 ] ::1 /so/Home/Login/verify_c
INFO: [ app_begin ] --START--
INFO: Run Behavior\ReadHtmlCache [ RunTime:0.001000s ]
INFO: [ app_begin ] --END-- [ RunTime:0.002000s ]
NOTIC: [8] Undefined index: HOME_USER E:\wamp\www\so\Application\Home\Controller\BaseController.class.php 第 11 行.
NOTIC: [8] Undefined index: HOME_USER E:\wamp\www\so\Application\Home\Controller\BaseController.class.php 第 14 行.
INFO: [ app_end ] --START--
INFO: Run Behavior\ShowPageTrace [ RunTime:0.001000s ]
INFO: [ app_end ] --END-- [ RunTime:0.001000s ]

[ 2017-10-11T16:43:12+08:00 ] ::1 /so/Home/Login/login
INFO: [ app_begin ] --START--
INFO: Run Behavior\ReadHtmlCache [ RunTime:0.000000s ]
INFO: [ app_begin ] --END-- [ RunTime:0.002001s ]
NOTIC: [8] Undefined index: HOME_USER E:\wamp\www\so\Application\Home\Controller\BaseController.class.php 第 11 行.
NOTIC: [8] Undefined index: HOME_USER E:\wamp\www\so\Application\Home\Controller\BaseController.class.php 第 14 行.

[ 2017-10-11T16:44:47+08:00 ] ::1 /so/Home/Login/verify_c?0.17107220040773474
INFO: [ app_begin ] --START--
INFO: Run Behavior\ReadHtmlCache [ RunTime:0.004000s ]
INFO: [ app_begin ] --END-- [ RunTime:0.005000s ]
NOTIC: [8] Undefined index: HOME_USER E:\wamp\www\so\Application\Home\Controller\BaseController.class.php 第 11 行.
NOTIC: [8] Undefined index: HOME_USER E:\wamp\www\so\Application\Home\Controller\BaseController.class.php 第 14 行.
INFO: [ app_end ] --START--
INFO: Run Behavior\ShowPageTrace [ RunTime:0.000000s ]
INFO: [ app_end ] --END-- [ RunTime:0.002000s ]

[ 2017-10-11T16:44:52+08:00 ] ::1 /so/Home/Login/login
INFO: [ app_begin ] --START--
INFO: Run Behavior\ReadHtmlCache [ RunTime:0.000000s ]
INFO: [ app_begin ] --END-- [ RunTime:0.001000s ]
NOTIC: [8] Undefined index: HOME_USER E:\wamp\www\so\Application\Home\Controller\BaseController.class.php 第 11 行.
NOTIC: [8] Undefined index: HOME_USER E:\wamp\www\so\Application\Home\Controller\BaseController.class.php 第 14 行.

[ 2017-10-11T16:45:52+08:00 ] ::1 /so/Home/Login/login
INFO: [ app_begin ] --START--
INFO: Run Behavior\ReadHtmlCache [ RunTime:0.001000s ]
INFO: [ app_begin ] --END-- [ RunTime:0.001000s ]
NOTIC: [8] Undefined index: HOME_USER E:\wamp\www\so\Application\Home\Controller\BaseController.class.php 第 11 行.
NOTIC: [8] Undefined index: HOME_USER E:\wamp\www\so\Application\Home\Controller\BaseController.class.php 第 14 行.
ERR: 没有定义数据库配置

[ 2017-10-11T16:46:47+08:00 ] ::1 /so/Home/Login/login
NOTIC: [8] Use of undefined constant CHECK_LOGIN - assumed 'CHECK_LOGIN' E:\wamp\www\so\Application\Home\Conf\login.php 第 9 行.
INFO: [ app_begin ] --START--
INFO: Run Behavior\ReadHtmlCache [ RunTime:0.001001s ]
INFO: [ app_begin ] --END-- [ RunTime:0.001001s ]
NOTIC: [8] Undefined index: HOME_USER E:\wamp\www\so\Application\Home\Controller\BaseController.class.php 第 11 行.
NOTIC: [8] Undefined index: HOME_USER E:\wamp\www\so\Application\Home\Controller\BaseController.class.php 第 14 行.
NOTIC: [8192] mysql_connect(): The mysql extension is deprecated and will be removed in the future: use mysqli or PDO instead E:\wamp\www\so\ThinkPHP\Library\Think\Db\Driver\Mysql.class.php 第 52 行.
ERR: Base 'so' inconnue

[ 2017-10-11T17:38:13+08:00 ] ::1 /so/Home/Login/index
NOTIC: [8] Use of undefined constant CHECK_LOGIN - assumed 'CHECK_LOGIN' E:\wamp\www\so\Application\Home\Conf\login.php 第 9 行.
INFO: [ app_begin ] --START--
INFO: Run Behavior\ReadHtmlCache [ RunTime:0.001000s ]
INFO: [ app_begin ] --END-- [ RunTime:0.001000s ]
NOTIC: [8] Undefined index: HOME_USER E:\wamp\www\so\Application\Home\Controller\BaseController.class.php 第 11 行.
NOTIC: [8] Undefined index: HOME_USER E:\wamp\www\so\Application\Home\Controller\BaseController.class.php 第 14 行.
INFO: [ view_parse ] --START--
INFO: [ template_filter ] --START--
INFO: Run Behavior\ContentReplace [ RunTime:0.000000s ]
INFO: [ template_filter ] --END-- [ RunTime:0.000000s ]
INFO: Run Behavior\ParseTemplate [ RunTime:0.013001s ]
INFO: [ view_parse ] --END-- [ RunTime:0.014001s ]
INFO: [ view_filter ] --START--
INFO: Run Behavior\WriteHtmlCache [ RunTime:0.002000s ]
INFO: [ view_filter ] --END-- [ RunTime:0.002000s ]
INFO: [ app_end ] --START--
INFO: Run Behavior\ShowPageTrace [ RunTime:0.003001s ]
INFO: [ app_end ] --END-- [ RunTime:0.004001s ]

[ 2017-10-11T17:38:13+08:00 ] ::1 /so/Home/Login/verify_c
NOTIC: [8] Use of undefined constant CHECK_LOGIN - assumed 'CHECK_LOGIN' E:\wamp\www\so\Application\Home\Conf\login.php 第 9 行.
INFO: [ app_begin ] --START--
INFO: Run Behavior\ReadHtmlCache [ RunTime:0.004000s ]
INFO: [ app_begin ] --END-- [ RunTime:0.005000s ]
NOTIC: [8] Undefined index: HOME_USER E:\wamp\www\so\Application\Home\Controller\BaseController.class.php 第 11 行.
NOTIC: [8] Undefined index: HOME_USER E:\wamp\www\so\Application\Home\Controller\BaseController.class.php 第 14 行.
INFO: [ app_end ] --START--
INFO: Run Behavior\ShowPageTrace [ RunTime:0.010000s ]
INFO: [ app_end ] --END-- [ RunTime:0.011000s ]

[ 2017-10-11T17:38:22+08:00 ] ::1 /so/Home/Login/login
NOTIC: [8] Use of undefined constant CHECK_LOGIN - assumed 'CHECK_LOGIN' E:\wamp\www\so\Application\Home\Conf\login.php 第 9 行.
INFO: [ app_begin ] --START--
INFO: Run Behavior\ReadHtmlCache [ RunTime:0.001000s ]
INFO: [ app_begin ] --END-- [ RunTime:0.001000s ]
NOTIC: [8] Undefined index: HOME_USER E:\wamp\www\so\Application\Home\Controller\BaseController.class.php 第 11 行.
NOTIC: [8] Undefined index: HOME_USER E:\wamp\www\so\Application\Home\Controller\BaseController.class.php 第 14 行.
NOTIC: [8192] mysql_connect(): The mysql extension is deprecated and will be removed in the future: use mysqli or PDO instead E:\wamp\www\so\ThinkPHP\Library\Think\Db\Driver\Mysql.class.php 第 52 行.
SQL: SHOW COLUMNS FROM `s_login` [ RunTime:0.004000s ]
ERR: 1146:La table 'so.s_login' n'existe pas
 [ SQL语句 ] : SHOW COLUMNS FROM `s_login`
SQL: SHOW COLUMNS FROM `s_user` [ RunTime:0.008000s ]
SQL: SELECT * FROM `s_user` WHERE ( phone=18311161659 )  [ RunTime:0.001000s ]

[ 2017-10-11T17:38:28+08:00 ] ::1 /so/Home/Login/login
NOTIC: [8] Use of undefined constant CHECK_LOGIN - assumed 'CHECK_LOGIN' E:\wamp\www\so\Application\Home\Conf\login.php 第 9 行.
INFO: [ app_begin ] --START--
INFO: Run Behavior\ReadHtmlCache [ RunTime:0.001000s ]
INFO: [ app_begin ] --END-- [ RunTime:0.002000s ]
NOTIC: [8] Undefined index: HOME_USER E:\wamp\www\so\Application\Home\Controller\BaseController.class.php 第 11 行.
NOTIC: [8] Undefined index: HOME_USER E:\wamp\www\so\Application\Home\Controller\BaseController.class.php 第 14 行.
NOTIC: [8192] mysql_connect(): The mysql extension is deprecated and will be removed in the future: use mysqli or PDO instead E:\wamp\www\so\ThinkPHP\Library\Think\Db\Driver\Mysql.class.php 第 52 行.
SQL: SHOW COLUMNS FROM `s_login` [ RunTime:0.005000s ]
ERR: 1146:La table 'so.s_login' n'existe pas
 [ SQL语句 ] : SHOW COLUMNS FROM `s_login`
SQL: SHOW COLUMNS FROM `s_user` [ RunTime:0.004001s ]
SQL: SELECT * FROM `s_user` WHERE ( phone=18311161659 )  [ RunTime:0.000000s ]
SQL: SHOW COLUMNS FROM `s_login` [ RunTime:0.003000s ]
ERR: 1146:La table 'so.s_login' n'existe pas
 [ SQL语句 ] : SHOW COLUMNS FROM `s_login`
SQL: INSERT INTO `s_login` (`loginIp`,`loginTime`,`userId`) VALUES ('::1',1507714708,'1') [ RunTime:0.000000s ]
ERR: 1146:La table 'so.s_login' n'existe pas
 [ SQL语句 ] : INSERT INTO `s_login` (`loginIp`,`loginTime`,`userId`) VALUES ('::1',1507714708,'1')
NOTIC: [8] Undefined index: name E:\wamp\www\so\Application\Home\Controller\LoginController.class.php 第 25 行.

[ 2017-10-11T17:38:28+08:00 ] ::1 /so/Home/Index/index
NOTIC: [8] Use of undefined constant CHECK_LOGIN - assumed 'CHECK_LOGIN' E:\wamp\www\so\Application\Home\Conf\login.php 第 9 行.
INFO: [ app_begin ] --START--
INFO: Run Behavior\ReadHtmlCache [ RunTime:0.002000s ]
INFO: [ app_begin ] --END-- [ RunTime:0.003000s ]
INFO: [ view_parse ] --START--
NOTIC: [2] ucfirst() expects parameter 1 to be string, array given E:\wamp\www\so\ThinkPHP\Library\Think\Storage.class.php 第 36 行.
INFO: Run Behavior\ParseTemplate [ RunTime:0.003000s ]
INFO: [ view_parse ] --END-- [ RunTime:0.003000s ]
INFO: [ view_filter ] --START--
INFO: Run Behavior\WriteHtmlCache [ RunTime:0.001000s ]
INFO: [ view_filter ] --END-- [ RunTime:0.002000s ]
INFO: [ app_end ] --START--
INFO: Run Behavior\ShowPageTrace [ RunTime:0.001000s ]
INFO: [ app_end ] --END-- [ RunTime:0.002000s ]

[ 2017-10-11T17:39:42+08:00 ] ::1 /so/Home/Index/index
NOTIC: [8] Use of undefined constant CHECK_LOGIN - assumed 'CHECK_LOGIN' E:\wamp\www\so\Application\Home\Conf\login.php 第 9 行.
INFO: [ app_begin ] --START--
INFO: Run Behavior\ReadHtmlCache [ RunTime:0.001000s ]
INFO: [ app_begin ] --END-- [ RunTime:0.002000s ]
INFO: [ view_parse ] --START--
INFO: [ template_filter ] --START--
INFO: Run Behavior\ContentReplace [ RunTime:0.001000s ]
INFO: [ template_filter ] --END-- [ RunTime:0.001000s ]
INFO: Run Behavior\ParseTemplate [ RunTime:0.098005s ]
INFO: [ view_parse ] --END-- [ RunTime:0.099005s ]
INFO: [ view_filter ] --START--
INFO: Run Behavior\WriteHtmlCache [ RunTime:0.000000s ]
INFO: [ view_filter ] --END-- [ RunTime:0.001000s ]
INFO: [ app_end ] --START--
INFO: Run Behavior\ShowPageTrace [ RunTime:0.001000s ]
INFO: [ app_end ] --END-- [ RunTime:0.001000s ]

[ 2017-10-11T17:39:42+08:00 ] ::1 /so/Home/Index/welcome.html
NOTIC: [8] Use of undefined constant CHECK_LOGIN - assumed 'CHECK_LOGIN' E:\wamp\www\so\Application\Home\Conf\login.php 第 9 行.
INFO: [ app_begin ] --START--
INFO: Run Behavior\ReadHtmlCache [ RunTime:0.002000s ]
INFO: [ app_begin ] --END-- [ RunTime:0.002000s ]
NOTIC: [8192] mysql_connect(): The mysql extension is deprecated and will be removed in the future: use mysqli or PDO instead E:\wamp\www\so\ThinkPHP\Library\Think\Db\Driver\Mysql.class.php 第 52 行.
SQL: SHOW COLUMNS FROM `s_index` [ RunTime:0.008001s ]
ERR: 1146:La table 'so.s_index' n'existe pas
 [ SQL语句 ] : SHOW COLUMNS FROM `s_index`
SQL: SHOW COLUMNS FROM `s_login` [ RunTime:0.006000s ]
ERR: 1146:La table 'so.s_login' n'existe pas
 [ SQL语句 ] : SHOW COLUMNS FROM `s_login`
SQL: SELECT COUNT(*) AS tp_count FROM `s_login` WHERE ( userId=1 ) LIMIT 1   [ RunTime:0.001000s ]
ERR: 1146:La table 'so.s_login' n'existe pas
 [ SQL语句 ] : SELECT COUNT(*) AS tp_count FROM `s_login` WHERE ( userId=1 ) LIMIT 1  
INFO: [ view_parse ] --START--
INFO: [ template_filter ] --START--
INFO: Run Behavior\ContentReplace [ RunTime:0.000000s ]
INFO: [ template_filter ] --END-- [ RunTime:0.001000s ]
INFO: Run Behavior\ParseTemplate [ RunTime:0.017001s ]
INFO: [ view_parse ] --END-- [ RunTime:0.018001s ]
INFO: [ view_filter ] --START--
INFO: Run Behavior\WriteHtmlCache [ RunTime:0.002000s ]
INFO: [ view_filter ] --END-- [ RunTime:0.002000s ]
INFO: [ app_end ] --START--
INFO: Run Behavior\ShowPageTrace [ RunTime:0.001001s ]
INFO: [ app_end ] --END-- [ RunTime:0.002001s ]

[ 2017-10-11T17:41:24+08:00 ] ::1 /so/Home/Index/index
NOTIC: [8] Use of undefined constant CHECK_LOGIN - assumed 'CHECK_LOGIN' E:\wamp\www\so\Application\Home\Conf\login.php 第 9 行.
INFO: [ app_begin ] --START--
INFO: Run Behavior\ReadHtmlCache [ RunTime:0.001000s ]
INFO: [ app_begin ] --END-- [ RunTime:0.002000s ]
INFO: [ view_parse ] --START--
INFO: [ template_filter ] --START--
INFO: Run Behavior\ContentReplace [ RunTime:0.000000s ]
INFO: [ template_filter ] --END-- [ RunTime:0.002001s ]
INFO: Run Behavior\ParseTemplate [ RunTime:0.022002s ]
INFO: [ view_parse ] --END-- [ RunTime:0.023002s ]
INFO: [ view_filter ] --START--
INFO: Run Behavior\WriteHtmlCache [ RunTime:0.068004s ]
INFO: [ view_filter ] --END-- [ RunTime:0.068004s ]
INFO: [ app_end ] --START--
INFO: Run Behavior\ShowPageTrace [ RunTime:0.028001s ]
INFO: [ app_end ] --END-- [ RunTime:0.028001s ]

[ 2017-10-11T17:41:24+08:00 ] ::1 /so/Home/Index/welcome.html
NOTIC: [8] Use of undefined constant CHECK_LOGIN - assumed 'CHECK_LOGIN' E:\wamp\www\so\Application\Home\Conf\login.php 第 9 行.
INFO: [ app_begin ] --START--
INFO: Run Behavior\ReadHtmlCache [ RunTime:0.001000s ]
INFO: [ app_begin ] --END-- [ RunTime:0.001000s ]
NOTIC: [8192] mysql_connect(): The mysql extension is deprecated and will be removed in the future: use mysqli or PDO instead E:\wamp\www\so\ThinkPHP\Library\Think\Db\Driver\Mysql.class.php 第 52 行.
SQL: SHOW COLUMNS FROM `s_index` [ RunTime:0.024001s ]
ERR: 1146:La table 'so.s_index' n'existe pas
 [ SQL语句 ] : SHOW COLUMNS FROM `s_index`
SQL: SHOW COLUMNS FROM `s_login` [ RunTime:0.008000s ]
ERR: 1146:La table 'so.s_login' n'existe pas
 [ SQL语句 ] : SHOW COLUMNS FROM `s_login`
SQL: SELECT COUNT(*) AS tp_count FROM `s_login` WHERE ( userId=1 ) LIMIT 1   [ RunTime:0.001000s ]
ERR: 1146:La table 'so.s_login' n'existe pas
 [ SQL语句 ] : SELECT COUNT(*) AS tp_count FROM `s_login` WHERE ( userId=1 ) LIMIT 1  
INFO: [ view_parse ] --START--
INFO: [ template_filter ] --START--
INFO: Run Behavior\ContentReplace [ RunTime:0.000000s ]
INFO: [ template_filter ] --END-- [ RunTime:0.001000s ]
INFO: Run Behavior\ParseTemplate [ RunTime:0.014001s ]
INFO: [ view_parse ] --END-- [ RunTime:0.015001s ]
INFO: [ view_filter ] --START--
INFO: Run Behavior\WriteHtmlCache [ RunTime:0.001000s ]
INFO: [ view_filter ] --END-- [ RunTime:0.001000s ]
INFO: [ app_end ] --START--
INFO: Run Behavior\ShowPageTrace [ RunTime:0.001000s ]
INFO: [ app_end ] --END-- [ RunTime:0.001000s ]

[ 2017-10-11T17:41:28+08:00 ] ::1 /so/Home/Login/record
NOTIC: [8] Use of undefined constant CHECK_LOGIN - assumed 'CHECK_LOGIN' E:\wamp\www\so\Application\Home\Conf\login.php 第 9 行.
INFO: [ app_begin ] --START--
INFO: Run Behavior\ReadHtmlCache [ RunTime:0.001000s ]
INFO: [ app_begin ] --END-- [ RunTime:0.001000s ]
NOTIC: [8192] mysql_connect(): The mysql extension is deprecated and will be removed in the future: use mysqli or PDO instead E:\wamp\www\so\ThinkPHP\Library\Think\Db\Driver\Mysql.class.php 第 52 行.
SQL: SHOW COLUMNS FROM `s_login` [ RunTime:0.004000s ]
ERR: 1146:La table 'so.s_login' n'existe pas
 [ SQL语句 ] : SHOW COLUMNS FROM `s_login`
SQL: SELECT COUNT(*) AS tp_count FROM `s_login` LIMIT 1   [ RunTime:0.000000s ]
ERR: 1146:La table 'so.s_login' n'existe pas
 [ SQL语句 ] : SELECT COUNT(*) AS tp_count FROM `s_login` LIMIT 1  
SQL: SHOW COLUMNS FROM `s_login` [ RunTime:0.004000s ]
ERR: 1146:La table 'so.s_login' n'existe pas
 [ SQL语句 ] : SHOW COLUMNS FROM `s_login`
SQL: SHOW COLUMNS FROM `s_login` [ RunTime:0.004000s ]
ERR: 1146:La table 'so.s_login' n'existe pas
 [ SQL语句 ] : SHOW COLUMNS FROM `s_login`
SQL: SELECT cn.*,n.*,cn.id as login_id FROM s_login as cn INNER JOIN s_user as n ON cn.userId = n.id  ORDER BY cn.id desc LIMIT 0,5   [ RunTime:0.001001s ]
ERR: 1146:La table 'so.s_login' n'existe pas
 [ SQL语句 ] : SELECT cn.*,n.*,cn.id as login_id FROM s_login as cn INNER JOIN s_user as n ON cn.userId = n.id  ORDER BY cn.id desc LIMIT 0,5  
INFO: [ view_parse ] --START--
INFO: [ template_filter ] --START--
INFO: Run Behavior\ContentReplace [ RunTime:0.000000s ]
INFO: [ template_filter ] --END-- [ RunTime:0.000000s ]
INFO: Run Behavior\ParseTemplate [ RunTime:0.121006s ]
INFO: [ view_parse ] --END-- [ RunTime:0.121006s ]
INFO: [ view_filter ] --START--
INFO: Run Behavior\WriteHtmlCache [ RunTime:0.000000s ]
INFO: [ view_filter ] --END-- [ RunTime:0.001001s ]
INFO: [ app_end ] --START--
INFO: Run Behavior\ShowPageTrace [ RunTime:0.001000s ]
INFO: [ app_end ] --END-- [ RunTime:0.001000s ]

[ 2017-10-11T17:45:29+08:00 ] ::1 /so/Home/Index/index
NOTIC: [8] Use of undefined constant CHECK_LOGIN - assumed 'CHECK_LOGIN' E:\wamp\www\so\Application\Home\Conf\login.php 第 9 行.
INFO: [ app_begin ] --START--
INFO: Run Behavior\ReadHtmlCache [ RunTime:0.004000s ]
INFO: [ app_begin ] --END-- [ RunTime:0.004000s ]
INFO: [ view_parse ] --START--
INFO: [ template_filter ] --START--
INFO: Run Behavior\ContentReplace [ RunTime:0.001000s ]
INFO: [ template_filter ] --END-- [ RunTime:0.002000s ]
INFO: Run Behavior\ParseTemplate [ RunTime:0.023001s ]
INFO: [ view_parse ] --END-- [ RunTime:0.024001s ]
INFO: [ view_filter ] --START--
INFO: Run Behavior\WriteHtmlCache [ RunTime:0.003000s ]
INFO: [ view_filter ] --END-- [ RunTime:0.004000s ]
INFO: [ app_end ] --START--
INFO: Run Behavior\ShowPageTrace [ RunTime:0.005000s ]
INFO: [ app_end ] --END-- [ RunTime:0.006001s ]

[ 2017-10-11T17:45:29+08:00 ] ::1 /so/Home/Index/welcome.html
NOTIC: [8] Use of undefined constant CHECK_LOGIN - assumed 'CHECK_LOGIN' E:\wamp\www\so\Application\Home\Conf\login.php 第 9 行.
INFO: [ app_begin ] --START--
INFO: Run Behavior\ReadHtmlCache [ RunTime:0.002000s ]
INFO: [ app_begin ] --END-- [ RunTime:0.002000s ]
NOTIC: [8192] mysql_connect(): The mysql extension is deprecated and will be removed in the future: use mysqli or PDO instead E:\wamp\www\so\ThinkPHP\Library\Think\Db\Driver\Mysql.class.php 第 52 行.
SQL: SHOW COLUMNS FROM `s_index` [ RunTime:0.005000s ]
ERR: 1146:La table 'so.s_index' n'existe pas
 [ SQL语句 ] : SHOW COLUMNS FROM `s_index`
SQL: SHOW COLUMNS FROM `s_login` [ RunTime:0.028002s ]
SQL: SELECT COUNT(*) AS tp_count FROM `s_login` WHERE ( userId=1 ) LIMIT 1   [ RunTime:0.002000s ]
INFO: [ view_parse ] --START--
INFO: [ template_filter ] --START--
INFO: Run Behavior\ContentReplace [ RunTime:0.000000s ]
INFO: [ template_filter ] --END-- [ RunTime:0.001001s ]
INFO: Run Behavior\ParseTemplate [ RunTime:0.022002s ]
INFO: [ view_parse ] --END-- [ RunTime:0.023002s ]
INFO: [ view_filter ] --START--
INFO: Run Behavior\WriteHtmlCache [ RunTime:0.001000s ]
INFO: [ view_filter ] --END-- [ RunTime:0.001000s ]
INFO: [ app_end ] --START--
INFO: Run Behavior\ShowPageTrace [ RunTime:0.002000s ]
INFO: [ app_end ] --END-- [ RunTime:0.002000s ]

[ 2017-10-11T17:45:32+08:00 ] ::1 /so/Home/Login/logout
NOTIC: [8] Use of undefined constant CHECK_LOGIN - assumed 'CHECK_LOGIN' E:\wamp\www\so\Application\Home\Conf\login.php 第 9 行.
INFO: [ app_begin ] --START--
INFO: Run Behavior\ReadHtmlCache [ RunTime:0.002000s ]
INFO: [ app_begin ] --END-- [ RunTime:0.003000s ]

[ 2017-10-11T17:45:35+08:00 ] ::1 /so/Home/Login/index
NOTIC: [8] Use of undefined constant CHECK_LOGIN - assumed 'CHECK_LOGIN' E:\wamp\www\so\Application\Home\Conf\login.php 第 9 行.
INFO: [ app_begin ] --START--
INFO: Run Behavior\ReadHtmlCache [ RunTime:0.001000s ]
INFO: [ app_begin ] --END-- [ RunTime:0.002000s ]
NOTIC: [8] Undefined index: HOME_USER E:\wamp\www\so\Application\Home\Controller\BaseController.class.php 第 11 行.
NOTIC: [8] Undefined index: HOME_USER E:\wamp\www\so\Application\Home\Controller\BaseController.class.php 第 14 行.
INFO: [ view_parse ] --START--
INFO: [ template_filter ] --START--
INFO: Run Behavior\ContentReplace [ RunTime:0.000000s ]
INFO: [ template_filter ] --END-- [ RunTime:0.000000s ]
INFO: Run Behavior\ParseTemplate [ RunTime:0.080004s ]
INFO: [ view_parse ] --END-- [ RunTime:0.080004s ]
INFO: [ view_filter ] --START--
INFO: Run Behavior\WriteHtmlCache [ RunTime:0.001001s ]
INFO: [ view_filter ] --END-- [ RunTime:0.001001s ]
INFO: [ app_end ] --START--
INFO: Run Behavior\ShowPageTrace [ RunTime:0.001000s ]
INFO: [ app_end ] --END-- [ RunTime:0.001000s ]

[ 2017-10-11T17:45:35+08:00 ] ::1 /so/Home/Login/verify_c
NOTIC: [8] Use of undefined constant CHECK_LOGIN - assumed 'CHECK_LOGIN' E:\wamp\www\so\Application\Home\Conf\login.php 第 9 行.
INFO: [ app_begin ] --START--
INFO: Run Behavior\ReadHtmlCache [ RunTime:0.002000s ]
INFO: [ app_begin ] --END-- [ RunTime:0.002000s ]
NOTIC: [8] Undefined index: HOME_USER E:\wamp\www\so\Application\Home\Controller\BaseController.class.php 第 11 行.
NOTIC: [8] Undefined index: HOME_USER E:\wamp\www\so\Application\Home\Controller\BaseController.class.php 第 14 行.
INFO: [ app_end ] --START--
INFO: Run Behavior\ShowPageTrace [ RunTime:0.001000s ]
INFO: [ app_end ] --END-- [ RunTime:0.002000s ]

[ 2017-10-11T17:45:53+08:00 ] ::1 /so/Home/Login/login
NOTIC: [8] Use of undefined constant CHECK_LOGIN - assumed 'CHECK_LOGIN' E:\wamp\www\so\Application\Home\Conf\login.php 第 9 行.
INFO: [ app_begin ] --START--
INFO: Run Behavior\ReadHtmlCache [ RunTime:0.001000s ]
INFO: [ app_begin ] --END-- [ RunTime:0.001000s ]
NOTIC: [8] Undefined index: HOME_USER E:\wamp\www\so\Application\Home\Controller\BaseController.class.php 第 11 行.
NOTIC: [8] Undefined index: HOME_USER E:\wamp\www\so\Application\Home\Controller\BaseController.class.php 第 14 行.
NOTIC: [8192] mysql_connect(): The mysql extension is deprecated and will be removed in the future: use mysqli or PDO instead E:\wamp\www\so\ThinkPHP\Library\Think\Db\Driver\Mysql.class.php 第 52 行.
SQL: SHOW COLUMNS FROM `s_login` [ RunTime:0.008001s ]
SQL: SHOW COLUMNS FROM `s_user` [ RunTime:0.005000s ]
SQL: SELECT * FROM `s_user` WHERE ( phone=18311161659 )  [ RunTime:0.001000s ]

[ 2017-10-11T17:45:59+08:00 ] ::1 /so/Home/Login/login
NOTIC: [8] Use of undefined constant CHECK_LOGIN - assumed 'CHECK_LOGIN' E:\wamp\www\so\Application\Home\Conf\login.php 第 9 行.
INFO: [ app_begin ] --START--
INFO: Run Behavior\ReadHtmlCache [ RunTime:0.001000s ]
INFO: [ app_begin ] --END-- [ RunTime:0.002000s ]
NOTIC: [8] Undefined index: HOME_USER E:\wamp\www\so\Application\Home\Controller\BaseController.class.php 第 11 行.
NOTIC: [8] Undefined index: HOME_USER E:\wamp\www\so\Application\Home\Controller\BaseController.class.php 第 14 行.
NOTIC: [8192] mysql_connect(): The mysql extension is deprecated and will be removed in the future: use mysqli or PDO instead E:\wamp\www\so\ThinkPHP\Library\Think\Db\Driver\Mysql.class.php 第 52 行.
SQL: SHOW COLUMNS FROM `s_login` [ RunTime:0.003001s ]
SQL: SHOW COLUMNS FROM `s_user` [ RunTime:0.004000s ]
SQL: SELECT * FROM `s_user` WHERE ( phone=18311161659 )  [ RunTime:0.000000s ]
SQL: SHOW COLUMNS FROM `s_login` [ RunTime:0.004000s ]
SQL: INSERT INTO `s_login` (`loginIp`,`loginTime`,`userId`) VALUES ('::1',1507715159,'1') [ RunTime:0.001000s ]
NOTIC: [8] Undefined index: name E:\wamp\www\so\Application\Home\Controller\LoginController.class.php 第 25 行.

[ 2017-10-11T17:45:59+08:00 ] ::1 /so/Home/Index/index
NOTIC: [8] Use of undefined constant CHECK_LOGIN - assumed 'CHECK_LOGIN' E:\wamp\www\so\Application\Home\Conf\login.php 第 9 行.
INFO: [ app_begin ] --START--
INFO: Run Behavior\ReadHtmlCache [ RunTime:0.001000s ]
INFO: [ app_begin ] --END-- [ RunTime:0.002000s ]
INFO: [ view_parse ] --START--
INFO: [ template_filter ] --START--
INFO: Run Behavior\ContentReplace [ RunTime:0.001000s ]
INFO: [ template_filter ] --END-- [ RunTime:0.001000s ]
INFO: Run Behavior\ParseTemplate [ RunTime:0.024001s ]
INFO: [ view_parse ] --END-- [ RunTime:0.025001s ]
INFO: [ view_filter ] --START--
INFO: Run Behavior\WriteHtmlCache [ RunTime:0.003000s ]
INFO: [ view_filter ] --END-- [ RunTime:0.003000s ]
INFO: [ app_end ] --START--
INFO: Run Behavior\ShowPageTrace [ RunTime:0.005000s ]
INFO: [ app_end ] --END-- [ RunTime:0.005000s ]

[ 2017-10-11T17:45:59+08:00 ] ::1 /so/Home/Index/welcome.html
NOTIC: [8] Use of undefined constant CHECK_LOGIN - assumed 'CHECK_LOGIN' E:\wamp\www\so\Application\Home\Conf\login.php 第 9 行.
INFO: [ app_begin ] --START--
INFO: Run Behavior\ReadHtmlCache [ RunTime:0.001000s ]
INFO: [ app_begin ] --END-- [ RunTime:0.001000s ]
NOTIC: [8192] mysql_connect(): The mysql extension is deprecated and will be removed in the future: use mysqli or PDO instead E:\wamp\www\so\ThinkPHP\Library\Think\Db\Driver\Mysql.class.php 第 52 行.
SQL: SHOW COLUMNS FROM `s_index` [ RunTime:0.006000s ]
ERR: 1146:La table 'so.s_index' n'existe pas
 [ SQL语句 ] : SHOW COLUMNS FROM `s_index`
SQL: SHOW COLUMNS FROM `s_login` [ RunTime:0.006001s ]
SQL: SELECT COUNT(*) AS tp_count FROM `s_login` WHERE ( userId=1 ) LIMIT 1   [ RunTime:0.000000s ]
INFO: [ view_parse ] --START--
INFO: [ template_filter ] --START--
INFO: Run Behavior\ContentReplace [ RunTime:0.000000s ]
INFO: [ template_filter ] --END-- [ RunTime:0.001000s ]
INFO: Run Behavior\ParseTemplate [ RunTime:0.022001s ]
INFO: [ view_parse ] --END-- [ RunTime:0.023001s ]
INFO: [ view_filter ] --START--
INFO: Run Behavior\WriteHtmlCache [ RunTime:0.003000s ]
INFO: [ view_filter ] --END-- [ RunTime:0.003000s ]
INFO: [ app_end ] --START--
INFO: Run Behavior\ShowPageTrace [ RunTime:0.001000s ]
INFO: [ app_end ] --END-- [ RunTime:0.002000s ]

[ 2017-10-11T17:48:14+08:00 ] ::1 /so/Home/Login/record
NOTIC: [8] Use of undefined constant CHECK_LOGIN - assumed 'CHECK_LOGIN' E:\wamp\www\so\Application\Home\Conf\login.php 第 9 行.
INFO: [ app_begin ] --START--
INFO: Run Behavior\ReadHtmlCache [ RunTime:0.001000s ]
INFO: [ app_begin ] --END-- [ RunTime:0.001000s ]
NOTIC: [8192] mysql_connect(): The mysql extension is deprecated and will be removed in the future: use mysqli or PDO instead E:\wamp\www\so\ThinkPHP\Library\Think\Db\Driver\Mysql.class.php 第 52 行.
SQL: SHOW COLUMNS FROM `s_login` [ RunTime:0.004001s ]
SQL: SELECT COUNT(*) AS tp_count FROM `s_login` LIMIT 1   [ RunTime:0.001000s ]
SQL: SHOW COLUMNS FROM `s_login` [ RunTime:0.005000s ]
SQL: SHOW COLUMNS FROM `s_login` [ RunTime:0.005000s ]
SQL: SELECT cn.*,n.*,cn.id as login_id FROM s_login as cn INNER JOIN s_user as n ON cn.userId = n.id  ORDER BY cn.id desc LIMIT 0,5   [ RunTime:0.001000s ]
INFO: [ view_parse ] --START--
INFO: [ template_filter ] --START--
INFO: Run Behavior\ContentReplace [ RunTime:0.000000s ]
INFO: [ template_filter ] --END-- [ RunTime:0.000000s ]
NOTIC: [8] Undefined index: name E:\wamp\www\so\Application\Runtime\Cache\Home\3c49452df73fe004b63e403af77bee37.php 第 83 行.
INFO: Run Behavior\ParseTemplate [ RunTime:0.025002s ]
INFO: [ view_parse ] --END-- [ RunTime:0.026002s ]
INFO: [ view_filter ] --START--
INFO: Run Behavior\WriteHtmlCache [ RunTime:0.001000s ]
INFO: [ view_filter ] --END-- [ RunTime:0.001000s ]
INFO: [ app_end ] --START--
INFO: Run Behavior\ShowPageTrace [ RunTime:0.002000s ]
INFO: [ app_end ] --END-- [ RunTime:0.002000s ]

[ 2017-10-11T17:52:35+08:00 ] ::1 /so/Home/Login/record
NOTIC: [8] Use of undefined constant CHECK_LOGIN - assumed 'CHECK_LOGIN' E:\wamp\www\so\Application\Home\Conf\login.php 第 9 行.
INFO: [ app_begin ] --START--
INFO: Run Behavior\ReadHtmlCache [ RunTime:0.001000s ]
INFO: [ app_begin ] --END-- [ RunTime:0.001000s ]
NOTIC: [8192] mysql_connect(): The mysql extension is deprecated and will be removed in the future: use mysqli or PDO instead E:\wamp\www\so\ThinkPHP\Library\Think\Db\Driver\Mysql.class.php 第 52 行.
SQL: SHOW COLUMNS FROM `s_login` [ RunTime:0.004000s ]
SQL: SELECT COUNT(*) AS tp_count FROM `s_login` LIMIT 1   [ RunTime:0.001000s ]
SQL: SHOW COLUMNS FROM `s_login` [ RunTime:0.004000s ]
SQL: SHOW COLUMNS FROM `s_login` [ RunTime:0.028001s ]
SQL: SELECT cn.*,n.*,cn.id as login_id FROM s_login as cn INNER JOIN s_user as n ON cn.userId = n.id  ORDER BY cn.id desc LIMIT 0,5   [ RunTime:0.000000s ]

[ 2017-10-11T17:53:43+08:00 ] ::1 /so/Home/Login/record
NOTIC: [8] Use of undefined constant CHECK_LOGIN - assumed 'CHECK_LOGIN' E:\wamp\www\so\Application\Home\Conf\login.php 第 9 行.
INFO: [ app_begin ] --START--
INFO: Run Behavior\ReadHtmlCache [ RunTime:0.001000s ]
INFO: [ app_begin ] --END-- [ RunTime:0.001000s ]
NOTIC: [8192] mysql_connect(): The mysql extension is deprecated and will be removed in the future: use mysqli or PDO instead E:\wamp\www\so\ThinkPHP\Library\Think\Db\Driver\Mysql.class.php 第 52 行.
SQL: SHOW COLUMNS FROM `s_login` [ RunTime:0.004000s ]
SQL: SELECT COUNT(*) AS tp_count FROM `s_login` LIMIT 1   [ RunTime:0.000000s ]
SQL: SHOW COLUMNS FROM `s_login` [ RunTime:0.003000s ]
SQL: SHOW COLUMNS FROM `s_login` [ RunTime:0.004000s ]
SQL: SELECT cn.*,n.*,cn.id as login_id FROM s_login as cn INNER JOIN s_user as n ON cn.userId = n.id  ORDER BY cn.id desc LIMIT 0,5   [ RunTime:0.001000s ]

[ 2017-10-11T17:53:44+08:00 ] ::1 /so/Home/Login/record
NOTIC: [8] Use of undefined constant CHECK_LOGIN - assumed 'CHECK_LOGIN' E:\wamp\www\so\Application\Home\Conf\login.php 第 9 行.
INFO: [ app_begin ] --START--
INFO: Run Behavior\ReadHtmlCache [ RunTime:0.001000s ]
INFO: [ app_begin ] --END-- [ RunTime:0.001000s ]
NOTIC: [8192] mysql_connect(): The mysql extension is deprecated and will be removed in the future: use mysqli or PDO instead E:\wamp\www\so\ThinkPHP\Library\Think\Db\Driver\Mysql.class.php 第 52 行.
SQL: SHOW COLUMNS FROM `s_login` [ RunTime:0.004000s ]
SQL: SELECT COUNT(*) AS tp_count FROM `s_login` LIMIT 1   [ RunTime:0.001000s ]
SQL: SHOW COLUMNS FROM `s_login` [ RunTime:0.004000s ]
SQL: SHOW COLUMNS FROM `s_login` [ RunTime:0.004000s ]
SQL: SELECT cn.*,n.*,cn.id as login_id FROM s_login as cn INNER JOIN s_user as n ON cn.userId = n.id  ORDER BY cn.id desc LIMIT 0,5   [ RunTime:0.001000s ]

[ 2017-10-11T17:53:44+08:00 ] ::1 /so/Home/Login/record
NOTIC: [8] Use of undefined constant CHECK_LOGIN - assumed 'CHECK_LOGIN' E:\wamp\www\so\Application\Home\Conf\login.php 第 9 行.
INFO: [ app_begin ] --START--
INFO: Run Behavior\ReadHtmlCache [ RunTime:0.001000s ]
INFO: [ app_begin ] --END-- [ RunTime:0.001000s ]
NOTIC: [8192] mysql_connect(): The mysql extension is deprecated and will be removed in the future: use mysqli or PDO instead E:\wamp\www\so\ThinkPHP\Library\Think\Db\Driver\Mysql.class.php 第 52 行.
SQL: SHOW COLUMNS FROM `s_login` [ RunTime:0.004000s ]
SQL: SELECT COUNT(*) AS tp_count FROM `s_login` LIMIT 1   [ RunTime:0.000000s ]
SQL: SHOW COLUMNS FROM `s_login` [ RunTime:0.003000s ]
SQL: SHOW COLUMNS FROM `s_login` [ RunTime:0.004001s ]
SQL: SELECT cn.*,n.*,cn.id as login_id FROM s_login as cn INNER JOIN s_user as n ON cn.userId = n.id  ORDER BY cn.id desc LIMIT 0,5   [ RunTime:0.000000s ]

[ 2017-10-11T17:53:44+08:00 ] ::1 /so/Home/Login/record
NOTIC: [8] Use of undefined constant CHECK_LOGIN - assumed 'CHECK_LOGIN' E:\wamp\www\so\Application\Home\Conf\login.php 第 9 行.
INFO: [ app_begin ] --START--
INFO: Run Behavior\ReadHtmlCache [ RunTime:0.001001s ]
INFO: [ app_begin ] --END-- [ RunTime:0.001001s ]
NOTIC: [8192] mysql_connect(): The mysql extension is deprecated and will be removed in the future: use mysqli or PDO instead E:\wamp\www\so\ThinkPHP\Library\Think\Db\Driver\Mysql.class.php 第 52 行.
SQL: SHOW COLUMNS FROM `s_login` [ RunTime:0.005000s ]
SQL: SELECT COUNT(*) AS tp_count FROM `s_login` LIMIT 1   [ RunTime:0.001000s ]
SQL: SHOW COLUMNS FROM `s_login` [ RunTime:0.004000s ]
SQL: SHOW COLUMNS FROM `s_login` [ RunTime:0.004001s ]
SQL: SELECT cn.*,n.*,cn.id as login_id FROM s_login as cn INNER JOIN s_user as n ON cn.userId = n.id  ORDER BY cn.id desc LIMIT 0,5   [ RunTime:0.000000s ]

[ 2017-10-11T17:54:06+08:00 ] ::1 /so/Home/Login/record
NOTIC: [8] Use of undefined constant CHECK_LOGIN - assumed 'CHECK_LOGIN' E:\wamp\www\so\Application\Home\Conf\login.php 第 9 行.
INFO: [ app_begin ] --START--
INFO: Run Behavior\ReadHtmlCache [ RunTime:0.001000s ]
INFO: [ app_begin ] --END-- [ RunTime:0.001000s ]
NOTIC: [8192] mysql_connect(): The mysql extension is deprecated and will be removed in the future: use mysqli or PDO instead E:\wamp\www\so\ThinkPHP\Library\Think\Db\Driver\Mysql.class.php 第 52 行.
SQL: SHOW COLUMNS FROM `s_login` [ RunTime:0.005000s ]
SQL: SELECT COUNT(*) AS tp_count FROM `s_login` LIMIT 1   [ RunTime:0.005001s ]
SQL: SHOW COLUMNS FROM `s_login` [ RunTime:0.007000s ]
SQL: SHOW COLUMNS FROM `s_login` [ RunTime:0.005001s ]
SQL: SELECT cn.*,n.*,cn.id as login_id FROM s_login as cn INNER JOIN s_user as n ON cn.userId = n.id  ORDER BY cn.id desc LIMIT 0,5   [ RunTime:0.001000s ]
INFO: [ view_parse ] --START--
INFO: [ template_filter ] --START--
INFO: Run Behavior\ContentReplace [ RunTime:0.000000s ]
INFO: [ template_filter ] --END-- [ RunTime:0.000000s ]
NOTIC: [8] Undefined index: name E:\wamp\www\so\Application\Runtime\Cache\Home\3c49452df73fe004b63e403af77bee37.php 第 83 行.
INFO: Run Behavior\ParseTemplate [ RunTime:0.029002s ]
INFO: [ view_parse ] --END-- [ RunTime:0.029002s ]
INFO: [ view_filter ] --START--
INFO: Run Behavior\WriteHtmlCache [ RunTime:0.001000s ]
INFO: [ view_filter ] --END-- [ RunTime:0.001000s ]
INFO: [ app_end ] --START--
INFO: Run Behavior\ShowPageTrace [ RunTime:0.001000s ]
INFO: [ app_end ] --END-- [ RunTime:0.001000s ]

[ 2017-10-11T17:54:46+08:00 ] ::1 /so/Home/Login/record
NOTIC: [8] Use of undefined constant CHECK_LOGIN - assumed 'CHECK_LOGIN' E:\wamp\www\so\Application\Home\Conf\login.php 第 9 行.
INFO: [ app_begin ] --START--
INFO: Run Behavior\ReadHtmlCache [ RunTime:0.001000s ]
INFO: [ app_begin ] --END-- [ RunTime:0.001000s ]
NOTIC: [8192] mysql_connect(): The mysql extension is deprecated and will be removed in the future: use mysqli or PDO instead E:\wamp\www\so\ThinkPHP\Library\Think\Db\Driver\Mysql.class.php 第 52 行.
SQL: SHOW COLUMNS FROM `s_login` [ RunTime:0.004001s ]
SQL: SELECT COUNT(*) AS tp_count FROM `s_login` LIMIT 1   [ RunTime:0.000000s ]
SQL: SHOW COLUMNS FROM `s_login` [ RunTime:0.003000s ]
SQL: SHOW COLUMNS FROM `s_login` [ RunTime:0.004000s ]
SQL: SELECT cn.*,n.*,cn.id as login_id FROM s_login as cn INNER JOIN s_user as n ON cn.userId = n.id  ORDER BY cn.id desc LIMIT 0,5   [ RunTime:0.001000s ]
INFO: [ view_parse ] --START--
INFO: [ template_filter ] --START--
INFO: Run Behavior\ContentReplace [ RunTime:0.000000s ]
INFO: [ template_filter ] --END-- [ RunTime:0.000000s ]
INFO: Run Behavior\ParseTemplate [ RunTime:0.013001s ]
INFO: [ view_parse ] --END-- [ RunTime:0.014001s ]
INFO: [ view_filter ] --START--
INFO: Run Behavior\WriteHtmlCache [ RunTime:0.001000s ]
INFO: [ view_filter ] --END-- [ RunTime:0.001000s ]
INFO: [ app_end ] --START--
INFO: Run Behavior\ShowPageTrace [ RunTime:0.001000s ]
INFO: [ app_end ] --END-- [ RunTime:0.001000s ]

[ 2017-10-11T17:54:53+08:00 ] ::1 /so/Home/Login/record
NOTIC: [8] Use of undefined constant CHECK_LOGIN - assumed 'CHECK_LOGIN' E:\wamp\www\so\Application\Home\Conf\login.php 第 9 行.
INFO: [ app_begin ] --START--
INFO: Run Behavior\ReadHtmlCache [ RunTime:0.000000s ]
INFO: [ app_begin ] --END-- [ RunTime:0.001000s ]
NOTIC: [8192] mysql_connect(): The mysql extension is deprecated and will be removed in the future: use mysqli or PDO instead E:\wamp\www\so\ThinkPHP\Library\Think\Db\Driver\Mysql.class.php 第 52 行.
SQL: SHOW COLUMNS FROM `s_login` [ RunTime:0.004000s ]
SQL: SELECT COUNT(*) AS tp_count FROM `s_login` LIMIT 1   [ RunTime:0.000000s ]
SQL: SHOW COLUMNS FROM `s_login` [ RunTime:0.004000s ]
SQL: SHOW COLUMNS FROM `s_login` [ RunTime:0.004000s ]
SQL: SELECT cn.*,n.*,cn.id as login_id FROM s_login as cn INNER JOIN s_user as n ON cn.userId = n.id  ORDER BY cn.id desc LIMIT 0,5   [ RunTime:0.000000s ]
INFO: [ view_parse ] --START--
INFO: [ template_filter ] --START--
INFO: Run Behavior\ContentReplace [ RunTime:0.000000s ]
INFO: [ template_filter ] --END-- [ RunTime:0.001000s ]
INFO: Run Behavior\ParseTemplate [ RunTime:0.013001s ]
INFO: [ view_parse ] --END-- [ RunTime:0.013001s ]
INFO: [ view_filter ] --START--
INFO: Run Behavior\WriteHtmlCache [ RunTime:0.001000s ]
INFO: [ view_filter ] --END-- [ RunTime:0.001000s ]
INFO: [ app_end ] --START--
INFO: Run Behavior\ShowPageTrace [ RunTime:0.000000s ]
INFO: [ app_end ] --END-- [ RunTime:0.002000s ]

[ 2017-10-11T17:55:16+08:00 ] ::1 /so/Home/Login/record
NOTIC: [8] Use of undefined constant CHECK_LOGIN - assumed 'CHECK_LOGIN' E:\wamp\www\so\Application\Home\Conf\login.php 第 9 行.
INFO: [ app_begin ] --START--
INFO: Run Behavior\ReadHtmlCache [ RunTime:0.001000s ]
INFO: [ app_begin ] --END-- [ RunTime:0.001000s ]
NOTIC: [8192] mysql_connect(): The mysql extension is deprecated and will be removed in the future: use mysqli or PDO instead E:\wamp\www\so\ThinkPHP\Library\Think\Db\Driver\Mysql.class.php 第 52 行.
SQL: SHOW COLUMNS FROM `s_login` [ RunTime:0.004000s ]
SQL: SELECT COUNT(*) AS tp_count FROM `s_login` LIMIT 1   [ RunTime:0.000000s ]
SQL: SHOW COLUMNS FROM `s_login` [ RunTime:0.004000s ]
SQL: SHOW COLUMNS FROM `s_login` [ RunTime:0.004001s ]
SQL: SELECT cn.*,n.*,cn.id as login_id FROM s_login as cn INNER JOIN s_user as n ON cn.userId = n.id  ORDER BY cn.id desc LIMIT 0,5   [ RunTime:0.001000s ]
INFO: [ view_parse ] --START--
INFO: [ template_filter ] --START--
INFO: Run Behavior\ContentReplace [ RunTime:0.000000s ]
INFO: [ template_filter ] --END-- [ RunTime:0.001000s ]
INFO: Run Behavior\ParseTemplate [ RunTime:0.012000s ]
INFO: [ view_parse ] --END-- [ RunTime:0.013001s ]
INFO: [ view_filter ] --START--
INFO: Run Behavior\WriteHtmlCache [ RunTime:0.001000s ]
INFO: [ view_filter ] --END-- [ RunTime:0.001000s ]
INFO: [ app_end ] --START--
INFO: Run Behavior\ShowPageTrace [ RunTime:0.001000s ]
INFO: [ app_end ] --END-- [ RunTime:0.001000s ]

[ 2017-10-11T17:59:17+08:00 ] ::1 /so/Home/Login/logout
NOTIC: [8] Use of undefined constant CHECK_LOGIN - assumed 'CHECK_LOGIN' E:\wamp\www\so\Application\Home\Conf\login.php 第 9 行.
INFO: [ app_begin ] --START--
INFO: Run Behavior\ReadHtmlCache [ RunTime:0.001000s ]
INFO: [ app_begin ] --END-- [ RunTime:0.002001s ]

[ 2017-10-11T17:59:20+08:00 ] ::1 /so/Home/Login/index
NOTIC: [8] Use of undefined constant CHECK_LOGIN - assumed 'CHECK_LOGIN' E:\wamp\www\so\Application\Home\Conf\login.php 第 9 行.
INFO: [ app_begin ] --START--
INFO: Run Behavior\ReadHtmlCache [ RunTime:0.001000s ]
INFO: [ app_begin ] --END-- [ RunTime:0.001000s ]
NOTIC: [8] Undefined index: HOME_USER E:\wamp\www\so\Application\Home\Controller\BaseController.class.php 第 11 行.
NOTIC: [8] Undefined index: HOME_USER E:\wamp\www\so\Application\Home\Controller\BaseController.class.php 第 14 行.
INFO: [ view_parse ] --START--
INFO: [ template_filter ] --START--
INFO: Run Behavior\ContentReplace [ RunTime:0.000000s ]
INFO: [ template_filter ] --END-- [ RunTime:0.000000s ]
INFO: Run Behavior\ParseTemplate [ RunTime:0.087005s ]
INFO: [ view_parse ] --END-- [ RunTime:0.089005s ]
INFO: [ view_filter ] --START--
INFO: Run Behavior\WriteHtmlCache [ RunTime:0.002000s ]
INFO: [ view_filter ] --END-- [ RunTime:0.002000s ]
INFO: [ app_end ] --START--
INFO: Run Behavior\ShowPageTrace [ RunTime:0.001000s ]
INFO: [ app_end ] --END-- [ RunTime:0.001000s ]

[ 2017-10-11T17:59:20+08:00 ] ::1 /so/Home/Login/verify_c
NOTIC: [8] Use of undefined constant CHECK_LOGIN - assumed 'CHECK_LOGIN' E:\wamp\www\so\Application\Home\Conf\login.php 第 9 行.
INFO: [ app_begin ] --START--
INFO: Run Behavior\ReadHtmlCache [ RunTime:0.001000s ]
INFO: [ app_begin ] --END-- [ RunTime:0.002000s ]
NOTIC: [8] Undefined index: HOME_USER E:\wamp\www\so\Application\Home\Controller\BaseController.class.php 第 11 行.
NOTIC: [8] Undefined index: HOME_USER E:\wamp\www\so\Application\Home\Controller\BaseController.class.php 第 14 行.
INFO: [ app_end ] --START--
INFO: Run Behavior\ShowPageTrace [ RunTime:0.002000s ]
INFO: [ app_end ] --END-- [ RunTime:0.002000s ]

[ 2017-10-11T17:59:36+08:00 ] ::1 /so/Home/Login/login
NOTIC: [8] Use of undefined constant CHECK_LOGIN - assumed 'CHECK_LOGIN' E:\wamp\www\so\Application\Home\Conf\login.php 第 9 行.
INFO: [ app_begin ] --START--
INFO: Run Behavior\ReadHtmlCache [ RunTime:0.001000s ]
INFO: [ app_begin ] --END-- [ RunTime:0.001000s ]
NOTIC: [8] Undefined index: HOME_USER E:\wamp\www\so\Application\Home\Controller\BaseController.class.php 第 11 行.
NOTIC: [8] Undefined index: HOME_USER E:\wamp\www\so\Application\Home\Controller\BaseController.class.php 第 14 行.
NOTIC: [8192] mysql_connect(): The mysql extension is deprecated and will be removed in the future: use mysqli or PDO instead E:\wamp\www\so\ThinkPHP\Library\Think\Db\Driver\Mysql.class.php 第 52 行.
SQL: SHOW COLUMNS FROM `s_login` [ RunTime:0.004000s ]
SQL: SHOW COLUMNS FROM `s_user` [ RunTime:0.012001s ]
SQL: SELECT * FROM `s_user` WHERE ( phone=18311161659 )  [ RunTime:0.000000s ]
SQL: SHOW COLUMNS FROM `s_login` [ RunTime:0.007001s ]
SQL: INSERT INTO `s_login` (`loginIp`,`loginTime`,`userId`) VALUES ('::1',1507715976,'1') [ RunTime:0.001000s ]
NOTIC: [8] Undefined index: name E:\wamp\www\so\Application\Home\Controller\LoginController.class.php 第 25 行.

[ 2017-10-11T17:59:36+08:00 ] ::1 /so/Home/Index/index
NOTIC: [8] Use of undefined constant CHECK_LOGIN - assumed 'CHECK_LOGIN' E:\wamp\www\so\Application\Home\Conf\login.php 第 9 行.
INFO: [ app_begin ] --START--
INFO: Run Behavior\ReadHtmlCache [ RunTime:0.004001s ]
INFO: [ app_begin ] --END-- [ RunTime:0.004001s ]
INFO: [ view_parse ] --START--
INFO: [ template_filter ] --START--
INFO: Run Behavior\ContentReplace [ RunTime:0.001000s ]
INFO: [ template_filter ] --END-- [ RunTime:0.002000s ]
INFO: Run Behavior\ParseTemplate [ RunTime:0.022001s ]
INFO: [ view_parse ] --END-- [ RunTime:0.023001s ]
INFO: [ view_filter ] --START--
INFO: Run Behavior\WriteHtmlCache [ RunTime:0.002001s ]
INFO: [ view_filter ] --END-- [ RunTime:0.002001s ]
INFO: [ app_end ] --START--
INFO: Run Behavior\ShowPageTrace [ RunTime:0.001000s ]
INFO: [ app_end ] --END-- [ RunTime:0.001000s ]

[ 2017-10-11T17:59:37+08:00 ] ::1 /so/Home/Index/welcome.html
NOTIC: [8] Use of undefined constant CHECK_LOGIN - assumed 'CHECK_LOGIN' E:\wamp\www\so\Application\Home\Conf\login.php 第 9 行.
INFO: [ app_begin ] --START--
INFO: Run Behavior\ReadHtmlCache [ RunTime:0.003000s ]
INFO: [ app_begin ] --END-- [ RunTime:0.003000s ]
NOTIC: [8192] mysql_connect(): The mysql extension is deprecated and will be removed in the future: use mysqli or PDO instead E:\wamp\www\so\ThinkPHP\Library\Think\Db\Driver\Mysql.class.php 第 52 行.
SQL: SHOW COLUMNS FROM `s_index` [ RunTime:0.006000s ]
ERR: 1146:La table 'so.s_index' n'existe pas
 [ SQL语句 ] : SHOW COLUMNS FROM `s_index`
SQL: SHOW COLUMNS FROM `s_login` [ RunTime:0.011001s ]
SQL: SELECT COUNT(*) AS tp_count FROM `s_login` WHERE ( userId=1 ) LIMIT 1   [ RunTime:0.002000s ]
INFO: [ view_parse ] --START--
INFO: [ template_filter ] --START--
INFO: Run Behavior\ContentReplace [ RunTime:0.001000s ]
INFO: [ template_filter ] --END-- [ RunTime:0.001000s ]
INFO: Run Behavior\ParseTemplate [ RunTime:0.035002s ]
INFO: [ view_parse ] --END-- [ RunTime:0.035002s ]
INFO: [ view_filter ] --START--
INFO: Run Behavior\WriteHtmlCache [ RunTime:0.001000s ]
INFO: [ view_filter ] --END-- [ RunTime:0.001000s ]
INFO: [ app_end ] --START--
INFO: Run Behavior\ShowPageTrace [ RunTime:0.002000s ]
INFO: [ app_end ] --END-- [ RunTime:0.002000s ]

[ 2017-10-11T18:01:39+08:00 ] ::1 /so/Home/Login/logout
NOTIC: [8] Use of undefined constant CHECK_LOGIN - assumed 'CHECK_LOGIN' E:\wamp\www\so\Application\Home\Conf\login.php 第 9 行.
INFO: [ app_begin ] --START--
INFO: Run Behavior\ReadHtmlCache [ RunTime:0.002000s ]
INFO: [ app_begin ] --END-- [ RunTime:0.002000s ]

[ 2017-10-11T18:01:42+08:00 ] ::1 /so/Home/Login/index
NOTIC: [8] Use of undefined constant CHECK_LOGIN - assumed 'CHECK_LOGIN' E:\wamp\www\so\Application\Home\Conf\login.php 第 9 行.
INFO: [ app_begin ] --START--
INFO: Run Behavior\ReadHtmlCache [ RunTime:0.001000s ]
INFO: [ app_begin ] --END-- [ RunTime:0.001000s ]
NOTIC: [8] Undefined index: HOME_USER E:\wamp\www\so\Application\Home\Controller\BaseController.class.php 第 11 行.
NOTIC: [8] Undefined index: HOME_USER E:\wamp\www\so\Application\Home\Controller\BaseController.class.php 第 14 行.
INFO: [ view_parse ] --START--
INFO: [ template_filter ] --START--
INFO: Run Behavior\ContentReplace [ RunTime:0.001001s ]
INFO: [ template_filter ] --END-- [ RunTime:0.001001s ]
INFO: Run Behavior\ParseTemplate [ RunTime:0.019001s ]
INFO: [ view_parse ] --END-- [ RunTime:0.020001s ]
INFO: [ view_filter ] --START--
INFO: Run Behavior\WriteHtmlCache [ RunTime:0.001000s ]
INFO: [ view_filter ] --END-- [ RunTime:0.001000s ]
INFO: [ app_end ] --START--
INFO: Run Behavior\ShowPageTrace [ RunTime:0.001000s ]
INFO: [ app_end ] --END-- [ RunTime:0.001000s ]

[ 2017-10-11T18:01:42+08:00 ] ::1 /so/Home/Login/verify_c
NOTIC: [8] Use of undefined constant CHECK_LOGIN - assumed 'CHECK_LOGIN' E:\wamp\www\so\Application\Home\Conf\login.php 第 9 行.
INFO: [ app_begin ] --START--
INFO: Run Behavior\ReadHtmlCache [ RunTime:0.001000s ]
INFO: [ app_begin ] --END-- [ RunTime:0.002000s ]
NOTIC: [8] Undefined index: HOME_USER E:\wamp\www\so\Application\Home\Controller\BaseController.class.php 第 11 行.
NOTIC: [8] Undefined index: HOME_USER E:\wamp\www\so\Application\Home\Controller\BaseController.class.php 第 14 行.
INFO: [ app_end ] --START--
INFO: Run Behavior\ShowPageTrace [ RunTime:0.005001s ]
INFO: [ app_end ] --END-- [ RunTime:0.007001s ]

[ 2017-10-11T18:01:45+08:00 ] ::1 /so/Home/Login/login
NOTIC: [8] Use of undefined constant CHECK_LOGIN - assumed 'CHECK_LOGIN' E:\wamp\www\so\Application\Home\Conf\login.php 第 9 行.
INFO: [ app_begin ] --START--
INFO: Run Behavior\ReadHtmlCache [ RunTime:0.001000s ]
INFO: [ app_begin ] --END-- [ RunTime:0.001000s ]
NOTIC: [8] Undefined index: HOME_USER E:\wamp\www\so\Application\Home\Controller\BaseController.class.php 第 11 行.
NOTIC: [8] Undefined index: HOME_USER E:\wamp\www\so\Application\Home\Controller\BaseController.class.php 第 14 行.

[ 2017-10-11T18:01:53+08:00 ] ::1 /so/Home/Login/login
NOTIC: [8] Use of undefined constant CHECK_LOGIN - assumed 'CHECK_LOGIN' E:\wamp\www\so\Application\Home\Conf\login.php 第 9 行.
INFO: [ app_begin ] --START--
INFO: Run Behavior\ReadHtmlCache [ RunTime:0.001000s ]
INFO: [ app_begin ] --END-- [ RunTime:0.002000s ]
NOTIC: [8] Undefined index: HOME_USER E:\wamp\www\so\Application\Home\Controller\BaseController.class.php 第 11 行.
NOTIC: [8] Undefined index: HOME_USER E:\wamp\www\so\Application\Home\Controller\BaseController.class.php 第 14 行.

[ 2017-10-11T18:01:55+08:00 ] ::1 /so/Home/Login/verify_c?0.4480360968602395
NOTIC: [8] Use of undefined constant CHECK_LOGIN - assumed 'CHECK_LOGIN' E:\wamp\www\so\Application\Home\Conf\login.php 第 9 行.
INFO: [ app_begin ] --START--
INFO: Run Behavior\ReadHtmlCache [ RunTime:0.001000s ]
INFO: [ app_begin ] --END-- [ RunTime:0.001000s ]
NOTIC: [8] Undefined index: HOME_USER E:\wamp\www\so\Application\Home\Controller\BaseController.class.php 第 11 行.
NOTIC: [8] Undefined index: HOME_USER E:\wamp\www\so\Application\Home\Controller\BaseController.class.php 第 14 行.
INFO: [ app_end ] --START--
INFO: Run Behavior\ShowPageTrace [ RunTime:0.002000s ]
INFO: [ app_end ] --END-- [ RunTime:0.003000s ]

[ 2017-10-11T18:01:58+08:00 ] ::1 /so/Home/Login/verify_c?0.3373288950949307
NOTIC: [8] Use of undefined constant CHECK_LOGIN - assumed 'CHECK_LOGIN' E:\wamp\www\so\Application\Home\Conf\login.php 第 9 行.
INFO: [ app_begin ] --START--
INFO: Run Behavior\ReadHtmlCache [ RunTime:0.002000s ]
INFO: [ app_begin ] --END-- [ RunTime:0.002000s ]
NOTIC: [8] Undefined index: HOME_USER E:\wamp\www\so\Application\Home\Controller\BaseController.class.php 第 11 行.
NOTIC: [8] Undefined index: HOME_USER E:\wamp\www\so\Application\Home\Controller\BaseController.class.php 第 14 行.
INFO: [ app_end ] --START--
INFO: Run Behavior\ShowPageTrace [ RunTime:0.003000s ]
INFO: [ app_end ] --END-- [ RunTime:0.003000s ]

[ 2017-10-11T18:01:59+08:00 ] ::1 /so/Home/Login/verify_c?0.41926390371556366
NOTIC: [8] Use of undefined constant CHECK_LOGIN - assumed 'CHECK_LOGIN' E:\wamp\www\so\Application\Home\Conf\login.php 第 9 行.
INFO: [ app_begin ] --START--
INFO: Run Behavior\ReadHtmlCache [ RunTime:0.001000s ]
INFO: [ app_begin ] --END-- [ RunTime:0.002000s ]
NOTIC: [8] Undefined index: HOME_USER E:\wamp\www\so\Application\Home\Controller\BaseController.class.php 第 11 行.
NOTIC: [8] Undefined index: HOME_USER E:\wamp\www\so\Application\Home\Controller\BaseController.class.php 第 14 行.
INFO: [ app_end ] --START--
INFO: Run Behavior\ShowPageTrace [ RunTime:0.002001s ]
INFO: [ app_end ] --END-- [ RunTime:0.002001s ]

[ 2017-10-11T18:02:04+08:00 ] ::1 /so/Home/Login/login
NOTIC: [8] Use of undefined constant CHECK_LOGIN - assumed 'CHECK_LOGIN' E:\wamp\www\so\Application\Home\Conf\login.php 第 9 行.
INFO: [ app_begin ] --START--
INFO: Run Behavior\ReadHtmlCache [ RunTime:0.001000s ]
INFO: [ app_begin ] --END-- [ RunTime:0.001000s ]
NOTIC: [8] Undefined index: HOME_USER E:\wamp\www\so\Application\Home\Controller\BaseController.class.php 第 11 行.
NOTIC: [8] Undefined index: HOME_USER E:\wamp\www\so\Application\Home\Controller\BaseController.class.php 第 14 行.
NOTIC: [8192] mysql_connect(): The mysql extension is deprecated and will be removed in the future: use mysqli or PDO instead E:\wamp\www\so\ThinkPHP\Library\Think\Db\Driver\Mysql.class.php 第 52 行.
SQL: SHOW COLUMNS FROM `s_login` [ RunTime:0.004000s ]
SQL: SHOW COLUMNS FROM `s_user` [ RunTime:0.004000s ]
SQL: SELECT * FROM `s_user` WHERE ( phone=18311161659 )  [ RunTime:0.000000s ]

